INFO - 2024-11-27 10:50:38 --> Session: Class initialized using 'CodeIgniter\Session\Handlers\FileHandler' driver.
INFO - 2024-11-27 14:37:52 --> Session: Class initialized using 'CodeIgniter\Session\Handlers\FileHandler' driver.
CRITICAL - 2024-11-27 14:37:52 --> ErrorException: Undefined variable $category_idem
[Method: GET, Route: news/new]
in APPPATH\Views\news\create.php on line 22.
 1 APPPATH\Views\news\create.php(22): CodeIgniter\Debug\Exceptions->errorHandler(2, 'Undefined variable $category_idem', 'C:\\xampp\\htdocs\\uf4\\codeIgniter\\app\\Views\\news\\create.php', 22)
 2 SYSTEMPATH\View\View.php(234): include('C:\\xampp\\htdocs\\uf4\\codeIgniter\\app\\Views\\news\\create.php')
 3 SYSTEMPATH\View\View.php(237): CodeIgniter\View\View->CodeIgniter\View\{closure}()
 4 SYSTEMPATH\Common.php(1171): CodeIgniter\View\View->render('news/create', [], true)
 5 APPPATH\Controllers\News.php(50): view('news/create', [...])
 6 SYSTEMPATH\CodeIgniter.php(933): App\Controllers\News->new()
 7 SYSTEMPATH\CodeIgniter.php(509): CodeIgniter\CodeIgniter->runController(Object(App\Controllers\News))
 8 SYSTEMPATH\CodeIgniter.php(355): CodeIgniter\CodeIgniter->handleRequest(null, Object(Config\Cache), false)
 9 SYSTEMPATH\Boot.php(325): CodeIgniter\CodeIgniter->run()
10 SYSTEMPATH\Boot.php(67): CodeIgniter\Boot::runCodeIgniter(Object(CodeIgniter\CodeIgniter))
11 FCPATH\index.php(56): CodeIgniter\Boot::bootWeb(Object(Config\Paths))
INFO - 2024-11-27 14:44:13 --> Session: Class initialized using 'CodeIgniter\Session\Handlers\FileHandler' driver.
INFO - 2024-11-27 14:44:32 --> Session: Class initialized using 'CodeIgniter\Session\Handlers\FileHandler' driver.
WARNING - 2024-11-27 14:45:04 --> [DEPRECATED] Setting lowercase HTTP method key "post" is deprecated. Use uppercase HTTP method like "POST". in SYSTEMPATH\Filters\Filters.php on line 648.
 1 SYSTEMPATH\Filters\Filters.php(648): trigger_error('Setting lowercase HTTP method key "post" is deprecated. Use uppercase HTTP method like "POST".', 16384)
 2 SYSTEMPATH\Filters\Filters.php(399): CodeIgniter\Filters\Filters->processMethods()
 3 SYSTEMPATH\Filters\Filters.php(181): CodeIgniter\Filters\Filters->initialize('news/create')
 4 SYSTEMPATH\CodeIgniter.php(481): CodeIgniter\Filters\Filters->run('news/create', 'before')
 5 SYSTEMPATH\CodeIgniter.php(355): CodeIgniter\CodeIgniter->handleRequest(null, Object(Config\Cache), false)
 6 SYSTEMPATH\Boot.php(325): CodeIgniter\CodeIgniter->run()
 7 SYSTEMPATH\Boot.php(67): CodeIgniter\Boot::runCodeIgniter(Object(CodeIgniter\CodeIgniter))
 8 FCPATH\index.php(56): CodeIgniter\Boot::bootWeb(Object(Config\Paths))
INFO - 2024-11-27 14:45:04 --> CSRF token verified.
INFO - 2024-11-27 14:45:15 --> Session: Class initialized using 'CodeIgniter\Session\Handlers\FileHandler' driver.
INFO - 2024-11-27 15:08:58 --> Session: Class initialized using 'CodeIgniter\Session\Handlers\FileHandler' driver.
WARNING - 2024-11-27 15:09:13 --> [DEPRECATED] Setting lowercase HTTP method key "post" is deprecated. Use uppercase HTTP method like "POST". in SYSTEMPATH\Filters\Filters.php on line 648.
 1 SYSTEMPATH\Filters\Filters.php(648): trigger_error('Setting lowercase HTTP method key "post" is deprecated. Use uppercase HTTP method like "POST".', 16384)
 2 SYSTEMPATH\Filters\Filters.php(399): CodeIgniter\Filters\Filters->processMethods()
 3 SYSTEMPATH\Filters\Filters.php(181): CodeIgniter\Filters\Filters->initialize('news/update/updated/8')
 4 SYSTEMPATH\CodeIgniter.php(481): CodeIgniter\Filters\Filters->run('news/update/updated/8', 'before')
 5 SYSTEMPATH\CodeIgniter.php(355): CodeIgniter\CodeIgniter->handleRequest(null, Object(Config\Cache), false)
 6 SYSTEMPATH\Boot.php(325): CodeIgniter\CodeIgniter->run()
 7 SYSTEMPATH\Boot.php(67): CodeIgniter\Boot::runCodeIgniter(Object(CodeIgniter\CodeIgniter))
 8 FCPATH\index.php(56): CodeIgniter\Boot::bootWeb(Object(Config\Paths))
INFO - 2024-11-27 15:09:13 --> CSRF token verified.
INFO - 2024-11-27 20:17:09 --> Session: Class initialized using 'CodeIgniter\Session\Handlers\FileHandler' driver.
INFO - 2024-11-27 20:19:52 --> Session: Class initialized using 'CodeIgniter\Session\Handlers\FileHandler' driver.
