CRITICAL - 2025-01-30 08:55:25 --> ErrorException: Undefined array key "Category"
[Method: GET, Route: frontend/news/elvis-sighted]
in APPPATH\Views\frontend\view.php on line 43.
 1 APPPATH\Views\frontend\view.php(43): CodeIgniter\Debug\Exceptions->errorHandler(2, 'Undefined array key "Category"', 'C:\\xampp\\htdocs\\uf4\\codeIgniter\\app\\Views\\frontend\\view.php', 43)
 2 SYSTEMPATH\View\View.php(234): include('C:\\xampp\\htdocs\\uf4\\codeIgniter\\app\\Views\\frontend\\view.php')
 3 SYSTEMPATH\View\View.php(237): CodeIgniter\View\View->CodeIgniter\View\{closure}()
 4 SYSTEMPATH\Common.php(1171): CodeIgniter\View\View->render('frontend/view', [], true)
 5 APPPATH\Controllers\News.php(53): view('frontend/view')
 6 SYSTEMPATH\CodeIgniter.php(933): App\Controllers\News->show('frontend', 'elvis-sighted')
 7 SYSTEMPATH\CodeIgniter.php(509): CodeIgniter\CodeIgniter->runController(Object(App\Controllers\News))
 8 SYSTEMPATH\CodeIgniter.php(355): CodeIgniter\CodeIgniter->handleRequest(null, Object(Config\Cache), false)
 9 SYSTEMPATH\Boot.php(325): CodeIgniter\CodeIgniter->run()
10 SYSTEMPATH\Boot.php(67): CodeIgniter\Boot::runCodeIgniter(Object(CodeIgniter\CodeIgniter))
11 FCPATH\index.php(56): CodeIgniter\Boot::bootWeb(Object(Config\Paths))
CRITICAL - 2025-01-30 08:57:46 --> ErrorException: Undefined variable $category
[Method: GET, Route: frontend/news/elvis-sighted]
in APPPATH\Views\frontend\view.php on line 43.
 1 APPPATH\Views\frontend\view.php(43): CodeIgniter\Debug\Exceptions->errorHandler(2, 'Undefined variable $category', 'C:\\xampp\\htdocs\\uf4\\codeIgniter\\app\\Views\\frontend\\view.php', 43)
 2 SYSTEMPATH\View\View.php(234): include('C:\\xampp\\htdocs\\uf4\\codeIgniter\\app\\Views\\frontend\\view.php')
 3 SYSTEMPATH\View\View.php(237): CodeIgniter\View\View->CodeIgniter\View\{closure}()
 4 SYSTEMPATH\Common.php(1171): CodeIgniter\View\View->render('frontend/view', [], true)
 5 APPPATH\Controllers\News.php(53): view('frontend/view')
 6 SYSTEMPATH\CodeIgniter.php(933): App\Controllers\News->show('frontend', 'elvis-sighted')
 7 SYSTEMPATH\CodeIgniter.php(509): CodeIgniter\CodeIgniter->runController(Object(App\Controllers\News))
 8 SYSTEMPATH\CodeIgniter.php(355): CodeIgniter\CodeIgniter->handleRequest(null, Object(Config\Cache), false)
 9 SYSTEMPATH\Boot.php(325): CodeIgniter\CodeIgniter->run()
10 SYSTEMPATH\Boot.php(67): CodeIgniter\Boot::runCodeIgniter(Object(CodeIgniter\CodeIgniter))
11 FCPATH\index.php(56): CodeIgniter\Boot::bootWeb(Object(Config\Paths))
CRITICAL - 2025-01-30 08:58:01 --> ErrorException: Undefined variable $categories_list
[Method: GET, Route: frontend/news/elvis-sighted]
in APPPATH\Views\frontend\view.php on line 43.
 1 APPPATH\Views\frontend\view.php(43): CodeIgniter\Debug\Exceptions->errorHandler(2, 'Undefined variable $categories_list', 'C:\\xampp\\htdocs\\uf4\\codeIgniter\\app\\Views\\frontend\\view.php', 43)
 2 SYSTEMPATH\View\View.php(234): include('C:\\xampp\\htdocs\\uf4\\codeIgniter\\app\\Views\\frontend\\view.php')
 3 SYSTEMPATH\View\View.php(237): CodeIgniter\View\View->CodeIgniter\View\{closure}()
 4 SYSTEMPATH\Common.php(1171): CodeIgniter\View\View->render('frontend/view', [], true)
 5 APPPATH\Controllers\News.php(53): view('frontend/view')
 6 SYSTEMPATH\CodeIgniter.php(933): App\Controllers\News->show('frontend', 'elvis-sighted')
 7 SYSTEMPATH\CodeIgniter.php(509): CodeIgniter\CodeIgniter->runController(Object(App\Controllers\News))
 8 SYSTEMPATH\CodeIgniter.php(355): CodeIgniter\CodeIgniter->handleRequest(null, Object(Config\Cache), false)
 9 SYSTEMPATH\Boot.php(325): CodeIgniter\CodeIgniter->run()
10 SYSTEMPATH\Boot.php(67): CodeIgniter\Boot::runCodeIgniter(Object(CodeIgniter\CodeIgniter))
11 FCPATH\index.php(56): CodeIgniter\Boot::bootWeb(Object(Config\Paths))
CRITICAL - 2025-01-30 09:55:18 --> CodeIgniter\View\Exceptions\ViewException: Invalid file: "frontend/view/menu.php"
[Method: GET, Route: frontend/news/elvis-sighted]
in SYSTEMPATH\Exceptions\FrameworkException.php on line 41.
 1 SYSTEMPATH\View\View.php(222): CodeIgniter\Exceptions\FrameworkException::forInvalidFile('frontend/view/menu.php')
 2 SYSTEMPATH\Common.php(1171): CodeIgniter\View\View->render('frontend/view/menu', [], true)
 3 APPPATH\Controllers\News.php(54): view('frontend/view/menu')
 4 SYSTEMPATH\CodeIgniter.php(933): App\Controllers\News->show('frontend', 'elvis-sighted')
 5 SYSTEMPATH\CodeIgniter.php(509): CodeIgniter\CodeIgniter->runController(Object(App\Controllers\News))
 6 SYSTEMPATH\CodeIgniter.php(355): CodeIgniter\CodeIgniter->handleRequest(null, Object(Config\Cache), false)
 7 SYSTEMPATH\Boot.php(325): CodeIgniter\CodeIgniter->run()
 8 SYSTEMPATH\Boot.php(67): CodeIgniter\Boot::runCodeIgniter(Object(CodeIgniter\CodeIgniter))
 9 FCPATH\index.php(56): CodeIgniter\Boot::bootWeb(Object(Config\Paths))
CRITICAL - 2025-01-30 09:55:51 --> CodeIgniter\View\Exceptions\ViewException: Invalid file: "frontend/view/menu.php"
[Method: GET, Route: frontend/news/elvis-sighted]
in SYSTEMPATH\Exceptions\FrameworkException.php on line 41.
 1 SYSTEMPATH\View\View.php(222): CodeIgniter\Exceptions\FrameworkException::forInvalidFile('frontend/view/menu.php')
 2 SYSTEMPATH\Common.php(1171): CodeIgniter\View\View->render('frontend/view/menu', [], true)
 3 APPPATH\Controllers\News.php(54): view('frontend/view/menu')
 4 SYSTEMPATH\CodeIgniter.php(933): App\Controllers\News->show('frontend', 'elvis-sighted')
 5 SYSTEMPATH\CodeIgniter.php(509): CodeIgniter\CodeIgniter->runController(Object(App\Controllers\News))
 6 SYSTEMPATH\CodeIgniter.php(355): CodeIgniter\CodeIgniter->handleRequest(null, Object(Config\Cache), false)
 7 SYSTEMPATH\Boot.php(325): CodeIgniter\CodeIgniter->run()
 8 SYSTEMPATH\Boot.php(67): CodeIgniter\Boot::runCodeIgniter(Object(CodeIgniter\CodeIgniter))
 9 FCPATH\index.php(56): CodeIgniter\Boot::bootWeb(Object(Config\Paths))
CRITICAL - 2025-01-30 09:55:52 --> CodeIgniter\View\Exceptions\ViewException: Invalid file: "frontend/view/menu.php"
[Method: GET, Route: frontend/news]
in SYSTEMPATH\Exceptions\FrameworkException.php on line 41.
 1 SYSTEMPATH\View\View.php(222): CodeIgniter\Exceptions\FrameworkException::forInvalidFile('frontend/view/menu.php')
 2 SYSTEMPATH\Common.php(1171): CodeIgniter\View\View->render('frontend/view/menu', [], true)
 3 APPPATH\Controllers\News.php(24): view('frontend/view/menu')
 4 SYSTEMPATH\CodeIgniter.php(933): App\Controllers\News->index('frontend')
 5 SYSTEMPATH\CodeIgniter.php(509): CodeIgniter\CodeIgniter->runController(Object(App\Controllers\News))
 6 SYSTEMPATH\CodeIgniter.php(355): CodeIgniter\CodeIgniter->handleRequest(null, Object(Config\Cache), false)
 7 SYSTEMPATH\Boot.php(325): CodeIgniter\CodeIgniter->run()
 8 SYSTEMPATH\Boot.php(67): CodeIgniter\Boot::runCodeIgniter(Object(CodeIgniter\CodeIgniter))
 9 FCPATH\index.php(56): CodeIgniter\Boot::bootWeb(Object(Config\Paths))
CRITICAL - 2025-01-30 10:10:48 --> ErrorException: Undefined array key "Category"
[Method: GET, Route: frontend/news/say-it-isnt-so]
in APPPATH\Views\frontend\view.php on line 21.
 1 APPPATH\Views\frontend\view.php(21): CodeIgniter\Debug\Exceptions->errorHandler(2, 'Undefined array key "Category"', 'C:\\xampp\\htdocs\\uf4\\codeIgniter\\app\\Views\\frontend\\view.php', 21)
 2 SYSTEMPATH\View\View.php(234): include('C:\\xampp\\htdocs\\uf4\\codeIgniter\\app\\Views\\frontend\\view.php')
 3 SYSTEMPATH\View\View.php(237): CodeIgniter\View\View->CodeIgniter\View\{closure}()
 4 SYSTEMPATH\Common.php(1171): CodeIgniter\View\View->render('frontend/view', [], true)
 5 APPPATH\Controllers\News.php(56): view('frontend/view')
 6 SYSTEMPATH\CodeIgniter.php(933): App\Controllers\News->show('frontend', 'say-it-isnt-so')
 7 SYSTEMPATH\CodeIgniter.php(509): CodeIgniter\CodeIgniter->runController(Object(App\Controllers\News))
 8 SYSTEMPATH\CodeIgniter.php(355): CodeIgniter\CodeIgniter->handleRequest(null, Object(Config\Cache), false)
 9 SYSTEMPATH\Boot.php(325): CodeIgniter\CodeIgniter->run()
10 SYSTEMPATH\Boot.php(67): CodeIgniter\Boot::runCodeIgniter(Object(CodeIgniter\CodeIgniter))
11 FCPATH\index.php(56): CodeIgniter\Boot::bootWeb(Object(Config\Paths))
CRITICAL - 2025-01-30 10:23:51 --> ErrorException: Undefined array key "Category"
[Method: GET, Route: frontend/news/say-it-isnt-so]
in APPPATH\Views\frontend\view.php on line 21.
 1 APPPATH\Views\frontend\view.php(21): CodeIgniter\Debug\Exceptions->errorHandler(2, 'Undefined array key "Category"', 'C:\\xampp\\htdocs\\uf4\\codeIgniter\\app\\Views\\frontend\\view.php', 21)
 2 SYSTEMPATH\View\View.php(234): include('C:\\xampp\\htdocs\\uf4\\codeIgniter\\app\\Views\\frontend\\view.php')
 3 SYSTEMPATH\View\View.php(237): CodeIgniter\View\View->CodeIgniter\View\{closure}()
 4 SYSTEMPATH\Common.php(1171): CodeIgniter\View\View->render('frontend/view', [], true)
 5 APPPATH\Controllers\News.php(56): view('frontend/view')
 6 SYSTEMPATH\CodeIgniter.php(933): App\Controllers\News->show('frontend', 'say-it-isnt-so')
 7 SYSTEMPATH\CodeIgniter.php(509): CodeIgniter\CodeIgniter->runController(Object(App\Controllers\News))
 8 SYSTEMPATH\CodeIgniter.php(355): CodeIgniter\CodeIgniter->handleRequest(null, Object(Config\Cache), false)
 9 SYSTEMPATH\Boot.php(325): CodeIgniter\CodeIgniter->run()
10 SYSTEMPATH\Boot.php(67): CodeIgniter\Boot::runCodeIgniter(Object(CodeIgniter\CodeIgniter))
11 FCPATH\index.php(56): CodeIgniter\Boot::bootWeb(Object(Config\Paths))
INFO - 2025-01-30 10:39:29 --> Session: Class initialized using 'CodeIgniter\Session\Handlers\FileHandler' driver.
INFO - 2025-01-30 10:39:36 --> Session: Class initialized using 'CodeIgniter\Session\Handlers\FileHandler' driver.
INFO - 2025-01-30 10:39:39 --> Session: Class initialized using 'CodeIgniter\Session\Handlers\FileHandler' driver.
INFO - 2025-01-30 10:39:43 --> Session: Class initialized using 'CodeIgniter\Session\Handlers\FileHandler' driver.
INFO - 2025-01-30 10:39:49 --> Session: Class initialized using 'CodeIgniter\Session\Handlers\FileHandler' driver.
INFO - 2025-01-30 10:39:50 --> Session: Class initialized using 'CodeIgniter\Session\Handlers\FileHandler' driver.
INFO - 2025-01-30 10:39:54 --> Session: Class initialized using 'CodeIgniter\Session\Handlers\FileHandler' driver.
INFO - 2025-01-30 10:40:10 --> Session: Class initialized using 'CodeIgniter\Session\Handlers\FileHandler' driver.
INFO - 2025-01-30 10:40:12 --> Session: Class initialized using 'CodeIgniter\Session\Handlers\FileHandler' driver.
