CRITICAL - 2025-04-18 16:09:24 --> CodeIgniter\HTTP\Exceptions\BadRequestException: The URI you submitted has disallowed characters: "{id}"
[Method: GET, Route: api/condicionesMeteorologicas/%7Bid%7D]
in SYSTEMPATH/Router/Router.php on line 737.
 1 SYSTEMPATH/Router/Router.php(204): CodeIgniter\Router\Router->checkDisallowedChars('api/condicionesMeteorologicas/{id}')
 2 SYSTEMPATH/CodeIgniter.php(834): CodeIgniter\Router\Router->handle('api/condicionesMeteorologicas/{id}')
 3 SYSTEMPATH/CodeIgniter.php(457): CodeIgniter\CodeIgniter->tryToRouteIt(Object(CodeIgniter\Router\RouteCollection))
 4 SYSTEMPATH/CodeIgniter.php(355): CodeIgniter\CodeIgniter->handleRequest(null, Object(Config\Cache), false)
 5 SYSTEMPATH/Boot.php(325): CodeIgniter\CodeIgniter->run()
 6 SYSTEMPATH/Boot.php(67): CodeIgniter\Boot::runCodeIgniter(Object(CodeIgniter\CodeIgniter))
 7 FCPATH/index.php(56): CodeIgniter\Boot::bootWeb(Object(Config\Paths))
CRITICAL - 2025-04-18 16:09:35 --> CodeIgniter\HTTP\Exceptions\BadRequestException: The URI you submitted has disallowed characters: "{id}"
[Method: GET, Route: api/condicionesMeteorologicas/%7Bid%7D]
in SYSTEMPATH/Router/Router.php on line 737.
 1 SYSTEMPATH/Router/Router.php(204): CodeIgniter\Router\Router->checkDisallowedChars('api/condicionesMeteorologicas/{id}')
 2 SYSTEMPATH/CodeIgniter.php(834): CodeIgniter\Router\Router->handle('api/condicionesMeteorologicas/{id}')
 3 SYSTEMPATH/CodeIgniter.php(457): CodeIgniter\CodeIgniter->tryToRouteIt(Object(CodeIgniter\Router\RouteCollection))
 4 SYSTEMPATH/CodeIgniter.php(355): CodeIgniter\CodeIgniter->handleRequest(null, Object(Config\Cache), false)
 5 SYSTEMPATH/Boot.php(325): CodeIgniter\CodeIgniter->run()
 6 SYSTEMPATH/Boot.php(67): CodeIgniter\Boot::runCodeIgniter(Object(CodeIgniter\CodeIgniter))
 7 FCPATH/index.php(56): CodeIgniter\Boot::bootWeb(Object(Config\Paths))
CRITICAL - 2025-04-18 19:09:19 --> CodeIgniter\Validation\Exceptions\ValidationException: "min" is not a valid rule.
[Method: PUT, Route: api/modelosFundas/2]
in SYSTEMPATH/Validation/Validation.php on line 348.
 1 SYSTEMPATH/Validation/Validation.php(348): CodeIgniter\Validation\Exceptions\ValidationException::forRuleNotFound('min')
 2 SYSTEMPATH/Validation/Validation.php(204): CodeIgniter\Validation\Validation->processRules('Cantidad', 'Cantidad', '10', [...], [...], 'Cantidad')
 3 SYSTEMPATH/Controller.php(137): CodeIgniter\Validation\Validation->run()
 4 APPPATH/Controllers/Api/ModelosFundasApi.php(113): CodeIgniter\Controller->validate([...])
 5 SYSTEMPATH/CodeIgniter.php(933): App\Controllers\Api\ModelosFundasApi->update('2')
 6 SYSTEMPATH/CodeIgniter.php(509): CodeIgniter\CodeIgniter->runController(Object(App\Controllers\Api\ModelosFundasApi))
 7 SYSTEMPATH/CodeIgniter.php(355): CodeIgniter\CodeIgniter->handleRequest(null, Object(Config\Cache), false)
 8 SYSTEMPATH/Boot.php(325): CodeIgniter\CodeIgniter->run()
 9 SYSTEMPATH/Boot.php(67): CodeIgniter\Boot::runCodeIgniter(Object(CodeIgniter\CodeIgniter))
10 FCPATH/index.php(56): CodeIgniter\Boot::bootWeb(Object(Config\Paths))
CRITICAL - 2025-04-18 20:08:36 --> TypeError: array_map(): Argument #2 ($array) must be of type array, string given
[Method: PUT, Route: api/modelosFundas/2]
in APPPATH/Controllers/Api/ModelosFundasApi.php on line 133.
 1 APPPATH/Controllers/Api/ModelosFundasApi.php(133): array_map(Object(Closure), '2')
 2 SYSTEMPATH/CodeIgniter.php(933): App\Controllers\Api\ModelosFundasApi->update('2')
 3 SYSTEMPATH/CodeIgniter.php(509): CodeIgniter\CodeIgniter->runController(Object(App\Controllers\Api\ModelosFundasApi))
 4 SYSTEMPATH/CodeIgniter.php(355): CodeIgniter\CodeIgniter->handleRequest(null, Object(Config\Cache), false)
 5 SYSTEMPATH/Boot.php(325): CodeIgniter\CodeIgniter->run()
 6 SYSTEMPATH/Boot.php(67): CodeIgniter\Boot::runCodeIgniter(Object(CodeIgniter\CodeIgniter))
 7 FCPATH/index.php(56): CodeIgniter\Boot::bootWeb(Object(Config\Paths))
CRITICAL - 2025-04-18 20:09:41 --> TypeError: array_map(): Argument #2 ($array) must be of type array, string given
[Method: PUT, Route: api/modelosFundas/2]
in APPPATH/Controllers/Api/ModelosFundasApi.php on line 133.
 1 APPPATH/Controllers/Api/ModelosFundasApi.php(133): array_map(Object(Closure), '2')
 2 SYSTEMPATH/CodeIgniter.php(933): App\Controllers\Api\ModelosFundasApi->update('2')
 3 SYSTEMPATH/CodeIgniter.php(509): CodeIgniter\CodeIgniter->runController(Object(App\Controllers\Api\ModelosFundasApi))
 4 SYSTEMPATH/CodeIgniter.php(355): CodeIgniter\CodeIgniter->handleRequest(null, Object(Config\Cache), false)
 5 SYSTEMPATH/Boot.php(325): CodeIgniter\CodeIgniter->run()
 6 SYSTEMPATH/Boot.php(67): CodeIgniter\Boot::runCodeIgniter(Object(CodeIgniter\CodeIgniter))
 7 FCPATH/index.php(56): CodeIgniter\Boot::bootWeb(Object(Config\Paths))
CRITICAL - 2025-04-18 20:09:55 --> TypeError: array_map(): Argument #2 ($array) must be of type array, string given
[Method: PUT, Route: api/modelosFundas/2]
in APPPATH/Controllers/Api/ModelosFundasApi.php on line 133.
 1 APPPATH/Controllers/Api/ModelosFundasApi.php(133): array_map(Object(Closure), '2')
 2 SYSTEMPATH/CodeIgniter.php(933): App\Controllers\Api\ModelosFundasApi->update('2')
 3 SYSTEMPATH/CodeIgniter.php(509): CodeIgniter\CodeIgniter->runController(Object(App\Controllers\Api\ModelosFundasApi))
 4 SYSTEMPATH/CodeIgniter.php(355): CodeIgniter\CodeIgniter->handleRequest(null, Object(Config\Cache), false)
 5 SYSTEMPATH/Boot.php(325): CodeIgniter\CodeIgniter->run()
 6 SYSTEMPATH/Boot.php(67): CodeIgniter\Boot::runCodeIgniter(Object(CodeIgniter\CodeIgniter))
 7 FCPATH/index.php(56): CodeIgniter\Boot::bootWeb(Object(Config\Paths))
CRITICAL - 2025-04-18 20:16:50 --> CodeIgniter\Validation\Exceptions\ValidationException: "array" is not a valid rule.
[Method: PUT, Route: api/modelosFundas/2]
in SYSTEMPATH/Validation/Validation.php on line 348.
 1 SYSTEMPATH/Validation/Validation.php(348): CodeIgniter\Validation\Exceptions\ValidationException::forRuleNotFound('array')
 2 SYSTEMPATH/Validation/Validation.php(204): CodeIgniter\Validation\Validation->processRules('ProveedorID', 'ProveedorID', '2', [...], [...], 'ProveedorID')
 3 SYSTEMPATH/Controller.php(137): CodeIgniter\Validation\Validation->run()
 4 APPPATH/Controllers/Api/ModelosFundasApi.php(113): CodeIgniter\Controller->validate([...])
 5 SYSTEMPATH/CodeIgniter.php(933): App\Controllers\Api\ModelosFundasApi->update('2')
 6 SYSTEMPATH/CodeIgniter.php(509): CodeIgniter\CodeIgniter->runController(Object(App\Controllers\Api\ModelosFundasApi))
 7 SYSTEMPATH/CodeIgniter.php(355): CodeIgniter\CodeIgniter->handleRequest(null, Object(Config\Cache), false)
 8 SYSTEMPATH/Boot.php(325): CodeIgniter\CodeIgniter->run()
 9 SYSTEMPATH/Boot.php(67): CodeIgniter\Boot::runCodeIgniter(Object(CodeIgniter\CodeIgniter))
10 FCPATH/index.php(56): CodeIgniter\Boot::bootWeb(Object(Config\Paths))
