ERROR - 2025-04-04 22:05:49 --> mysqli_sql_exception: Table 'solar_screen.usuarios' doesn't exist in /var/www/html/system/Database/MySQLi/Connection.php:312
Stack trace:
#0 /var/www/html/system/Database/MySQLi/Connection.php(312): mysqli->query('SELECT `simulac...', 0)
#1 /var/www/html/system/Database/BaseConnection.php(734): CodeIgniter\Database\MySQLi\Connection->execute('SELECT `simulac...')
#2 /var/www/html/system/Database/BaseConnection.php(648): CodeIgniter\Database\BaseConnection->simpleQuery('SELECT `simulac...')
#3 /var/www/html/system/Database/BaseBuilder.php(1644): CodeIgniter\Database\BaseConnection->query('SELECT `simulac...', Array, false)
#4 /var/www/html/system/Model.php(210): CodeIgniter\Database\BaseBuilder->get()
#5 /var/www/html/system/BaseModel.php(610): CodeIgniter\Model->doFind(true, '1')
#6 /var/www/html/app/Models/SimulacionesModel.php(44): CodeIgniter\BaseModel->find('1')
#7 /var/www/html/app/Controllers/Simulaciones.php(56): App\Models\SimulacionesModel->getSimulaciones('1')
#8 /var/www/html/system/CodeIgniter.php(933): App\Controllers\Simulaciones->view('1')
#9 /var/www/html/system/CodeIgniter.php(509): CodeIgniter\CodeIgniter->runController(Object(App\Controllers\Simulaciones))
#10 /var/www/html/system/CodeIgniter.php(355): CodeIgniter\CodeIgniter->handleRequest(NULL, Object(Config\Cache), false)
#11 /var/www/html/system/Boot.php(325): CodeIgniter\CodeIgniter->run()
#12 /var/www/html/system/Boot.php(67): CodeIgniter\Boot::runCodeIgniter(Object(CodeIgniter\CodeIgniter))
#13 /var/www/html/public/index.php(56): CodeIgniter\Boot::bootWeb(Object(Config\Paths))
#14 {main}
CRITICAL - 2025-04-04 22:05:50 --> CodeIgniter\Database\Exceptions\DatabaseException: Table 'solar_screen.usuarios' doesn't exist
[Method: GET, Route: admin/simulaciones/1]
in SYSTEMPATH/Database/BaseConnection.php on line 688.
 1 SYSTEMPATH/Database/BaseBuilder.php(1644): CodeIgniter\Database\BaseConnection->query('SELECT `simulaciones`.*, `usuarios`.`Nombre` AS `UsuarioNombre`
FROM `Simulaciones`
JOIN `usuarios` ON `usuarios`.`id` = `simulaciones`.`UsuarioID`
WHERE `Simulaciones`.`ID` = :Simulaciones.ID:', [...], false)
 2 SYSTEMPATH/Model.php(210): CodeIgniter\Database\BaseBuilder->get()
 3 SYSTEMPATH/BaseModel.php(610): CodeIgniter\Model->doFind(true, '1')
 4 APPPATH/Models/SimulacionesModel.php(44): CodeIgniter\BaseModel->find('1')
 5 APPPATH/Controllers/Simulaciones.php(56): App\Models\SimulacionesModel->getSimulaciones('1')
 6 SYSTEMPATH/CodeIgniter.php(933): App\Controllers\Simulaciones->view('1')
 7 SYSTEMPATH/CodeIgniter.php(509): CodeIgniter\CodeIgniter->runController(Object(App\Controllers\Simulaciones))
 8 SYSTEMPATH/CodeIgniter.php(355): CodeIgniter\CodeIgniter->handleRequest(null, Object(Config\Cache), false)
 9 SYSTEMPATH/Boot.php(325): CodeIgniter\CodeIgniter->run()
10 SYSTEMPATH/Boot.php(67): CodeIgniter\Boot::runCodeIgniter(Object(CodeIgniter\CodeIgniter))
11 FCPATH/index.php(56): CodeIgniter\Boot::bootWeb(Object(Config\Paths))
CRITICAL - 2025-04-04 22:05:50 --> [Caused by] CodeIgniter\Database\Exceptions\DatabaseException: Table 'solar_screen.usuarios' doesn't exist
in SYSTEMPATH/Database/MySQLi/Connection.php on line 317.
 1 SYSTEMPATH/Database/BaseConnection.php(734): CodeIgniter\Database\MySQLi\Connection->execute('SELECT `simulaciones`.*, `usuarios`.`Nombre` AS `UsuarioNombre`
FROM `Simulaciones`
JOIN `usuarios` ON `usuarios`.`id` = `simulaciones`.`UsuarioID`
WHERE `Simulaciones`.`ID` = \'1\'')
 2 SYSTEMPATH/Database/BaseConnection.php(648): CodeIgniter\Database\BaseConnection->simpleQuery('SELECT `simulaciones`.*, `usuarios`.`Nombre` AS `UsuarioNombre`
FROM `Simulaciones`
JOIN `usuarios` ON `usuarios`.`id` = `simulaciones`.`UsuarioID`
WHERE `Simulaciones`.`ID` = \'1\'')
 3 SYSTEMPATH/Database/BaseBuilder.php(1644): CodeIgniter\Database\BaseConnection->query('SELECT `simulaciones`.*, `usuarios`.`Nombre` AS `UsuarioNombre`
FROM `Simulaciones`
JOIN `usuarios` ON `usuarios`.`id` = `simulaciones`.`UsuarioID`
WHERE `Simulaciones`.`ID` = :Simulaciones.ID:', [...], false)
 4 SYSTEMPATH/Model.php(210): CodeIgniter\Database\BaseBuilder->get()
 5 SYSTEMPATH/BaseModel.php(610): CodeIgniter\Model->doFind(true, '1')
 6 APPPATH/Models/SimulacionesModel.php(44): CodeIgniter\BaseModel->find('1')
 7 APPPATH/Controllers/Simulaciones.php(56): App\Models\SimulacionesModel->getSimulaciones('1')
 8 SYSTEMPATH/CodeIgniter.php(933): App\Controllers\Simulaciones->view('1')
 9 SYSTEMPATH/CodeIgniter.php(509): CodeIgniter\CodeIgniter->runController(Object(App\Controllers\Simulaciones))
10 SYSTEMPATH/CodeIgniter.php(355): CodeIgniter\CodeIgniter->handleRequest(null, Object(Config\Cache), false)
11 SYSTEMPATH/Boot.php(325): CodeIgniter\CodeIgniter->run()
12 SYSTEMPATH/Boot.php(67): CodeIgniter\Boot::runCodeIgniter(Object(CodeIgniter\CodeIgniter))
13 FCPATH/index.php(56): CodeIgniter\Boot::bootWeb(Object(Config\Paths))
CRITICAL - 2025-04-04 22:05:50 --> [Caused by] mysqli_sql_exception: Table 'solar_screen.usuarios' doesn't exist
in SYSTEMPATH/Database/MySQLi/Connection.php on line 312.
 1 SYSTEMPATH/Database/MySQLi/Connection.php(312): mysqli->query('SELECT `simulaciones`.*, `usuarios`.`Nombre` AS `UsuarioNombre`
FROM `Simulaciones`
JOIN `usuarios` ON `usuarios`.`id` = `simulaciones`.`UsuarioID`
WHERE `Simulaciones`.`ID` = \'1\'', 0)
 2 SYSTEMPATH/Database/BaseConnection.php(734): CodeIgniter\Database\MySQLi\Connection->execute('SELECT `simulaciones`.*, `usuarios`.`Nombre` AS `UsuarioNombre`
FROM `Simulaciones`
JOIN `usuarios` ON `usuarios`.`id` = `simulaciones`.`UsuarioID`
WHERE `Simulaciones`.`ID` = \'1\'')
 3 SYSTEMPATH/Database/BaseConnection.php(648): CodeIgniter\Database\BaseConnection->simpleQuery('SELECT `simulaciones`.*, `usuarios`.`Nombre` AS `UsuarioNombre`
FROM `Simulaciones`
JOIN `usuarios` ON `usuarios`.`id` = `simulaciones`.`UsuarioID`
WHERE `Simulaciones`.`ID` = \'1\'')
 4 SYSTEMPATH/Database/BaseBuilder.php(1644): CodeIgniter\Database\BaseConnection->query('SELECT `simulaciones`.*, `usuarios`.`Nombre` AS `UsuarioNombre`
FROM `Simulaciones`
JOIN `usuarios` ON `usuarios`.`id` = `simulaciones`.`UsuarioID`
WHERE `Simulaciones`.`ID` = :Simulaciones.ID:', [...], false)
 5 SYSTEMPATH/Model.php(210): CodeIgniter\Database\BaseBuilder->get()
 6 SYSTEMPATH/BaseModel.php(610): CodeIgniter\Model->doFind(true, '1')
 7 APPPATH/Models/SimulacionesModel.php(44): CodeIgniter\BaseModel->find('1')
 8 APPPATH/Controllers/Simulaciones.php(56): App\Models\SimulacionesModel->getSimulaciones('1')
 9 SYSTEMPATH/CodeIgniter.php(933): App\Controllers\Simulaciones->view('1')
10 SYSTEMPATH/CodeIgniter.php(509): CodeIgniter\CodeIgniter->runController(Object(App\Controllers\Simulaciones))
11 SYSTEMPATH/CodeIgniter.php(355): CodeIgniter\CodeIgniter->handleRequest(null, Object(Config\Cache), false)
12 SYSTEMPATH/Boot.php(325): CodeIgniter\CodeIgniter->run()
13 SYSTEMPATH/Boot.php(67): CodeIgniter\Boot::runCodeIgniter(Object(CodeIgniter\CodeIgniter))
14 FCPATH/index.php(56): CodeIgniter\Boot::bootWeb(Object(Config\Paths))
