INFO - 2025-01-24 18:18:24 --> Session: Class initialized using 'CodeIgniter\Session\Handlers\FileHandler' driver.
INFO - 2025-01-24 18:18:32 --> Session: Class initialized using 'CodeIgniter\Session\Handlers\FileHandler' driver.
WARNING - 2025-01-24 18:18:39 --> [DEPRECATED] Setting lowercase HTTP method key "post" is deprecated. Use uppercase HTTP method like "POST". in SYSTEMPATH\Filters\Filters.php on line 648.
 1 SYSTEMPATH\Filters\Filters.php(648): trigger_error('Setting lowercase HTTP method key "post" is deprecated. Use uppercase HTTP method like "POST".', 16384)
 2 SYSTEMPATH\Filters\Filters.php(399): CodeIgniter\Filters\Filters->processMethods()
 3 SYSTEMPATH\Filters\Filters.php(181): CodeIgniter\Filters\Filters->initialize('login')
 4 SYSTEMPATH\CodeIgniter.php(481): CodeIgniter\Filters\Filters->run('login', 'before')
 5 SYSTEMPATH\CodeIgniter.php(355): CodeIgniter\CodeIgniter->handleRequest(null, Object(Config\Cache), false)
 6 SYSTEMPATH\Boot.php(325): CodeIgniter\CodeIgniter->run()
 7 SYSTEMPATH\Boot.php(67): CodeIgniter\Boot::runCodeIgniter(Object(CodeIgniter\CodeIgniter))
 8 FCPATH\index.php(56): CodeIgniter\Boot::bootWeb(Object(Config\Paths))
INFO - 2025-01-24 18:18:39 --> CSRF token verified.
INFO - 2025-01-24 18:18:41 --> Session: Class initialized using 'CodeIgniter\Session\Handlers\FileHandler' driver.
WARNING - 2025-01-24 18:18:44 --> [DEPRECATED] Setting lowercase HTTP method key "post" is deprecated. Use uppercase HTTP method like "POST". in SYSTEMPATH\Filters\Filters.php on line 648.
 1 SYSTEMPATH\Filters\Filters.php(648): trigger_error('Setting lowercase HTTP method key "post" is deprecated. Use uppercase HTTP method like "POST".', 16384)
 2 SYSTEMPATH\Filters\Filters.php(399): CodeIgniter\Filters\Filters->processMethods()
 3 SYSTEMPATH\Filters\Filters.php(181): CodeIgniter\Filters\Filters->initialize('login')
 4 SYSTEMPATH\CodeIgniter.php(481): CodeIgniter\Filters\Filters->run('login', 'before')
 5 SYSTEMPATH\CodeIgniter.php(355): CodeIgniter\CodeIgniter->handleRequest(null, Object(Config\Cache), false)
 6 SYSTEMPATH\Boot.php(325): CodeIgniter\CodeIgniter->run()
 7 SYSTEMPATH\Boot.php(67): CodeIgniter\Boot::runCodeIgniter(Object(CodeIgniter\CodeIgniter))
 8 FCPATH\index.php(56): CodeIgniter\Boot::bootWeb(Object(Config\Paths))
INFO - 2025-01-24 18:18:44 --> CSRF token verified.
INFO - 2025-01-24 18:18:46 --> Session: Class initialized using 'CodeIgniter\Session\Handlers\FileHandler' driver.
WARNING - 2025-01-24 18:18:51 --> [DEPRECATED] Setting lowercase HTTP method key "post" is deprecated. Use uppercase HTTP method like "POST". in SYSTEMPATH\Filters\Filters.php on line 648.
 1 SYSTEMPATH\Filters\Filters.php(648): trigger_error('Setting lowercase HTTP method key "post" is deprecated. Use uppercase HTTP method like "POST".', 16384)
 2 SYSTEMPATH\Filters\Filters.php(399): CodeIgniter\Filters\Filters->processMethods()
 3 SYSTEMPATH\Filters\Filters.php(181): CodeIgniter\Filters\Filters->initialize('login')
 4 SYSTEMPATH\CodeIgniter.php(481): CodeIgniter\Filters\Filters->run('login', 'before')
 5 SYSTEMPATH\CodeIgniter.php(355): CodeIgniter\CodeIgniter->handleRequest(null, Object(Config\Cache), false)
 6 SYSTEMPATH\Boot.php(325): CodeIgniter\CodeIgniter->run()
 7 SYSTEMPATH\Boot.php(67): CodeIgniter\Boot::runCodeIgniter(Object(CodeIgniter\CodeIgniter))
 8 FCPATH\index.php(56): CodeIgniter\Boot::bootWeb(Object(Config\Paths))
INFO - 2025-01-24 18:18:51 --> CSRF token verified.
INFO - 2025-01-24 18:18:53 --> Session: Class initialized using 'CodeIgniter\Session\Handlers\FileHandler' driver.
WARNING - 2025-01-24 18:19:32 --> [DEPRECATED] Setting lowercase HTTP method key "post" is deprecated. Use uppercase HTTP method like "POST". in SYSTEMPATH\Filters\Filters.php on line 648.
 1 SYSTEMPATH\Filters\Filters.php(648): trigger_error('Setting lowercase HTTP method key "post" is deprecated. Use uppercase HTTP method like "POST".', 16384)
 2 SYSTEMPATH\Filters\Filters.php(399): CodeIgniter\Filters\Filters->processMethods()
 3 SYSTEMPATH\Filters\Filters.php(181): CodeIgniter\Filters\Filters->initialize('login')
 4 SYSTEMPATH\CodeIgniter.php(481): CodeIgniter\Filters\Filters->run('login', 'before')
 5 SYSTEMPATH\CodeIgniter.php(355): CodeIgniter\CodeIgniter->handleRequest(null, Object(Config\Cache), false)
 6 SYSTEMPATH\Boot.php(325): CodeIgniter\CodeIgniter->run()
 7 SYSTEMPATH\Boot.php(67): CodeIgniter\Boot::runCodeIgniter(Object(CodeIgniter\CodeIgniter))
 8 FCPATH\index.php(56): CodeIgniter\Boot::bootWeb(Object(Config\Paths))
INFO - 2025-01-24 18:19:32 --> CSRF token verified.
INFO - 2025-01-24 18:19:33 --> Session: Class initialized using 'CodeIgniter\Session\Handlers\FileHandler' driver.
INFO - 2025-01-24 18:19:40 --> Session: Class initialized using 'CodeIgniter\Session\Handlers\FileHandler' driver.
INFO - 2025-01-24 18:19:49 --> Session: Class initialized using 'CodeIgniter\Session\Handlers\FileHandler' driver.
INFO - 2025-01-24 18:19:57 --> Session: Class initialized using 'CodeIgniter\Session\Handlers\FileHandler' driver.
WARNING - 2025-01-24 18:20:04 --> [DEPRECATED] Setting lowercase HTTP method key "post" is deprecated. Use uppercase HTTP method like "POST". in SYSTEMPATH\Filters\Filters.php on line 648.
 1 SYSTEMPATH\Filters\Filters.php(648): trigger_error('Setting lowercase HTTP method key "post" is deprecated. Use uppercase HTTP method like "POST".', 16384)
 2 SYSTEMPATH\Filters\Filters.php(399): CodeIgniter\Filters\Filters->processMethods()
 3 SYSTEMPATH\Filters\Filters.php(181): CodeIgniter\Filters\Filters->initialize('login')
 4 SYSTEMPATH\CodeIgniter.php(481): CodeIgniter\Filters\Filters->run('login', 'before')
 5 SYSTEMPATH\CodeIgniter.php(355): CodeIgniter\CodeIgniter->handleRequest(null, Object(Config\Cache), false)
 6 SYSTEMPATH\Boot.php(325): CodeIgniter\CodeIgniter->run()
 7 SYSTEMPATH\Boot.php(67): CodeIgniter\Boot::runCodeIgniter(Object(CodeIgniter\CodeIgniter))
 8 FCPATH\index.php(56): CodeIgniter\Boot::bootWeb(Object(Config\Paths))
INFO - 2025-01-24 18:20:04 --> CSRF token verified.
INFO - 2025-01-24 18:20:05 --> Session: Class initialized using 'CodeIgniter\Session\Handlers\FileHandler' driver.
INFO - 2025-01-24 18:20:07 --> Session: Class initialized using 'CodeIgniter\Session\Handlers\FileHandler' driver.
INFO - 2025-01-24 18:20:16 --> Session: Class initialized using 'CodeIgniter\Session\Handlers\FileHandler' driver.
WARNING - 2025-01-24 18:20:25 --> [DEPRECATED] Setting lowercase HTTP method key "post" is deprecated. Use uppercase HTTP method like "POST". in SYSTEMPATH\Filters\Filters.php on line 648.
 1 SYSTEMPATH\Filters\Filters.php(648): trigger_error('Setting lowercase HTTP method key "post" is deprecated. Use uppercase HTTP method like "POST".', 16384)
 2 SYSTEMPATH\Filters\Filters.php(399): CodeIgniter\Filters\Filters->processMethods()
 3 SYSTEMPATH\Filters\Filters.php(181): CodeIgniter\Filters\Filters->initialize('login')
 4 SYSTEMPATH\CodeIgniter.php(481): CodeIgniter\Filters\Filters->run('login', 'before')
 5 SYSTEMPATH\CodeIgniter.php(355): CodeIgniter\CodeIgniter->handleRequest(null, Object(Config\Cache), false)
 6 SYSTEMPATH\Boot.php(325): CodeIgniter\CodeIgniter->run()
 7 SYSTEMPATH\Boot.php(67): CodeIgniter\Boot::runCodeIgniter(Object(CodeIgniter\CodeIgniter))
 8 FCPATH\index.php(56): CodeIgniter\Boot::bootWeb(Object(Config\Paths))
INFO - 2025-01-24 18:20:25 --> CSRF token verified.
INFO - 2025-01-24 18:20:27 --> Session: Class initialized using 'CodeIgniter\Session\Handlers\FileHandler' driver.
WARNING - 2025-01-24 18:20:32 --> [DEPRECATED] Setting lowercase HTTP method key "post" is deprecated. Use uppercase HTTP method like "POST". in SYSTEMPATH\Filters\Filters.php on line 648.
 1 SYSTEMPATH\Filters\Filters.php(648): trigger_error('Setting lowercase HTTP method key "post" is deprecated. Use uppercase HTTP method like "POST".', 16384)
 2 SYSTEMPATH\Filters\Filters.php(399): CodeIgniter\Filters\Filters->processMethods()
 3 SYSTEMPATH\Filters\Filters.php(181): CodeIgniter\Filters\Filters->initialize('login')
 4 SYSTEMPATH\CodeIgniter.php(481): CodeIgniter\Filters\Filters->run('login', 'before')
 5 SYSTEMPATH\CodeIgniter.php(355): CodeIgniter\CodeIgniter->handleRequest(null, Object(Config\Cache), false)
 6 SYSTEMPATH\Boot.php(325): CodeIgniter\CodeIgniter->run()
 7 SYSTEMPATH\Boot.php(67): CodeIgniter\Boot::runCodeIgniter(Object(CodeIgniter\CodeIgniter))
 8 FCPATH\index.php(56): CodeIgniter\Boot::bootWeb(Object(Config\Paths))
INFO - 2025-01-24 18:20:32 --> CSRF token verified.
INFO - 2025-01-24 18:20:34 --> Session: Class initialized using 'CodeIgniter\Session\Handlers\FileHandler' driver.
INFO - 2025-01-24 18:20:36 --> Session: Class initialized using 'CodeIgniter\Session\Handlers\FileHandler' driver.
WARNING - 2025-01-24 18:20:44 --> [DEPRECATED] Setting lowercase HTTP method key "post" is deprecated. Use uppercase HTTP method like "POST". in SYSTEMPATH\Filters\Filters.php on line 648.
 1 SYSTEMPATH\Filters\Filters.php(648): trigger_error('Setting lowercase HTTP method key "post" is deprecated. Use uppercase HTTP method like "POST".', 16384)
 2 SYSTEMPATH\Filters\Filters.php(399): CodeIgniter\Filters\Filters->processMethods()
 3 SYSTEMPATH\Filters\Filters.php(181): CodeIgniter\Filters\Filters->initialize('users/create')
 4 SYSTEMPATH\CodeIgniter.php(481): CodeIgniter\Filters\Filters->run('users/create', 'before')
 5 SYSTEMPATH\CodeIgniter.php(355): CodeIgniter\CodeIgniter->handleRequest(null, Object(Config\Cache), false)
 6 SYSTEMPATH\Boot.php(325): CodeIgniter\CodeIgniter->run()
 7 SYSTEMPATH\Boot.php(67): CodeIgniter\Boot::runCodeIgniter(Object(CodeIgniter\CodeIgniter))
 8 FCPATH\index.php(56): CodeIgniter\Boot::bootWeb(Object(Config\Paths))
INFO - 2025-01-24 18:20:44 --> CSRF token verified.
INFO - 2025-01-24 18:20:44 --> Session: Class initialized using 'CodeIgniter\Session\Handlers\FileHandler' driver.
WARNING - 2025-01-24 18:21:47 --> [DEPRECATED] Setting lowercase HTTP method key "post" is deprecated. Use uppercase HTTP method like "POST". in SYSTEMPATH\Filters\Filters.php on line 648.
 1 SYSTEMPATH\Filters\Filters.php(648): trigger_error('Setting lowercase HTTP method key "post" is deprecated. Use uppercase HTTP method like "POST".', 16384)
 2 SYSTEMPATH\Filters\Filters.php(399): CodeIgniter\Filters\Filters->processMethods()
 3 SYSTEMPATH\Filters\Filters.php(181): CodeIgniter\Filters\Filters->initialize('users/create')
 4 SYSTEMPATH\CodeIgniter.php(481): CodeIgniter\Filters\Filters->run('users/create', 'before')
 5 SYSTEMPATH\CodeIgniter.php(355): CodeIgniter\CodeIgniter->handleRequest(null, Object(Config\Cache), false)
 6 SYSTEMPATH\Boot.php(325): CodeIgniter\CodeIgniter->run()
 7 SYSTEMPATH\Boot.php(67): CodeIgniter\Boot::runCodeIgniter(Object(CodeIgniter\CodeIgniter))
 8 FCPATH\index.php(56): CodeIgniter\Boot::bootWeb(Object(Config\Paths))
INFO - 2025-01-24 18:21:47 --> CSRF token verified.
INFO - 2025-01-24 18:21:48 --> Session: Class initialized using 'CodeIgniter\Session\Handlers\FileHandler' driver.
INFO - 2025-01-24 18:21:50 --> Session: Class initialized using 'CodeIgniter\Session\Handlers\FileHandler' driver.
WARNING - 2025-01-24 18:21:57 --> [DEPRECATED] Setting lowercase HTTP method key "post" is deprecated. Use uppercase HTTP method like "POST". in SYSTEMPATH\Filters\Filters.php on line 648.
 1 SYSTEMPATH\Filters\Filters.php(648): trigger_error('Setting lowercase HTTP method key "post" is deprecated. Use uppercase HTTP method like "POST".', 16384)
 2 SYSTEMPATH\Filters\Filters.php(399): CodeIgniter\Filters\Filters->processMethods()
 3 SYSTEMPATH\Filters\Filters.php(181): CodeIgniter\Filters\Filters->initialize('login')
 4 SYSTEMPATH\CodeIgniter.php(481): CodeIgniter\Filters\Filters->run('login', 'before')
 5 SYSTEMPATH\CodeIgniter.php(355): CodeIgniter\CodeIgniter->handleRequest(null, Object(Config\Cache), false)
 6 SYSTEMPATH\Boot.php(325): CodeIgniter\CodeIgniter->run()
 7 SYSTEMPATH\Boot.php(67): CodeIgniter\Boot::runCodeIgniter(Object(CodeIgniter\CodeIgniter))
 8 FCPATH\index.php(56): CodeIgniter\Boot::bootWeb(Object(Config\Paths))
INFO - 2025-01-24 18:21:57 --> CSRF token verified.
INFO - 2025-01-24 18:21:58 --> Session: Class initialized using 'CodeIgniter\Session\Handlers\FileHandler' driver.
WARNING - 2025-01-24 18:22:17 --> [DEPRECATED] Setting lowercase HTTP method key "post" is deprecated. Use uppercase HTTP method like "POST". in SYSTEMPATH\Filters\Filters.php on line 648.
 1 SYSTEMPATH\Filters\Filters.php(648): trigger_error('Setting lowercase HTTP method key "post" is deprecated. Use uppercase HTTP method like "POST".', 16384)
 2 SYSTEMPATH\Filters\Filters.php(399): CodeIgniter\Filters\Filters->processMethods()
 3 SYSTEMPATH\Filters\Filters.php(181): CodeIgniter\Filters\Filters->initialize('login')
 4 SYSTEMPATH\CodeIgniter.php(481): CodeIgniter\Filters\Filters->run('login', 'before')
 5 SYSTEMPATH\CodeIgniter.php(355): CodeIgniter\CodeIgniter->handleRequest(null, Object(Config\Cache), false)
 6 SYSTEMPATH\Boot.php(325): CodeIgniter\CodeIgniter->run()
 7 SYSTEMPATH\Boot.php(67): CodeIgniter\Boot::runCodeIgniter(Object(CodeIgniter\CodeIgniter))
 8 FCPATH\index.php(56): CodeIgniter\Boot::bootWeb(Object(Config\Paths))
INFO - 2025-01-24 18:22:17 --> CSRF token verified.
INFO - 2025-01-24 18:22:19 --> Session: Class initialized using 'CodeIgniter\Session\Handlers\FileHandler' driver.
WARNING - 2025-01-24 18:22:23 --> [DEPRECATED] Setting lowercase HTTP method key "post" is deprecated. Use uppercase HTTP method like "POST". in SYSTEMPATH\Filters\Filters.php on line 648.
 1 SYSTEMPATH\Filters\Filters.php(648): trigger_error('Setting lowercase HTTP method key "post" is deprecated. Use uppercase HTTP method like "POST".', 16384)
 2 SYSTEMPATH\Filters\Filters.php(399): CodeIgniter\Filters\Filters->processMethods()
 3 SYSTEMPATH\Filters\Filters.php(181): CodeIgniter\Filters\Filters->initialize('login')
 4 SYSTEMPATH\CodeIgniter.php(481): CodeIgniter\Filters\Filters->run('login', 'before')
 5 SYSTEMPATH\CodeIgniter.php(355): CodeIgniter\CodeIgniter->handleRequest(null, Object(Config\Cache), false)
 6 SYSTEMPATH\Boot.php(325): CodeIgniter\CodeIgniter->run()
 7 SYSTEMPATH\Boot.php(67): CodeIgniter\Boot::runCodeIgniter(Object(CodeIgniter\CodeIgniter))
 8 FCPATH\index.php(56): CodeIgniter\Boot::bootWeb(Object(Config\Paths))
INFO - 2025-01-24 18:22:23 --> CSRF token verified.
INFO - 2025-01-24 18:22:27 --> Session: Class initialized using 'CodeIgniter\Session\Handlers\FileHandler' driver.
INFO - 2025-01-24 18:22:59 --> Session: Class initialized using 'CodeIgniter\Session\Handlers\FileHandler' driver.
INFO - 2025-01-24 18:23:01 --> Session: Class initialized using 'CodeIgniter\Session\Handlers\FileHandler' driver.
INFO - 2025-01-24 18:23:03 --> Session: Class initialized using 'CodeIgniter\Session\Handlers\FileHandler' driver.
WARNING - 2025-01-24 18:23:13 --> [DEPRECATED] Setting lowercase HTTP method key "post" is deprecated. Use uppercase HTTP method like "POST". in SYSTEMPATH\Filters\Filters.php on line 648.
 1 SYSTEMPATH\Filters\Filters.php(648): trigger_error('Setting lowercase HTTP method key "post" is deprecated. Use uppercase HTTP method like "POST".', 16384)
 2 SYSTEMPATH\Filters\Filters.php(399): CodeIgniter\Filters\Filters->processMethods()
 3 SYSTEMPATH\Filters\Filters.php(181): CodeIgniter\Filters\Filters->initialize('login')
 4 SYSTEMPATH\CodeIgniter.php(481): CodeIgniter\Filters\Filters->run('login', 'before')
 5 SYSTEMPATH\CodeIgniter.php(355): CodeIgniter\CodeIgniter->handleRequest(null, Object(Config\Cache), false)
 6 SYSTEMPATH\Boot.php(325): CodeIgniter\CodeIgniter->run()
 7 SYSTEMPATH\Boot.php(67): CodeIgniter\Boot::runCodeIgniter(Object(CodeIgniter\CodeIgniter))
 8 FCPATH\index.php(56): CodeIgniter\Boot::bootWeb(Object(Config\Paths))
INFO - 2025-01-24 18:23:13 --> CSRF token verified.
INFO - 2025-01-24 18:23:33 --> Session: Class initialized using 'CodeIgniter\Session\Handlers\FileHandler' driver.
WARNING - 2025-01-24 18:24:16 --> [DEPRECATED] Setting lowercase HTTP method key "post" is deprecated. Use uppercase HTTP method like "POST". in SYSTEMPATH\Filters\Filters.php on line 648.
 1 SYSTEMPATH\Filters\Filters.php(648): trigger_error('Setting lowercase HTTP method key "post" is deprecated. Use uppercase HTTP method like "POST".', 16384)
 2 SYSTEMPATH\Filters\Filters.php(399): CodeIgniter\Filters\Filters->processMethods()
 3 SYSTEMPATH\Filters\Filters.php(181): CodeIgniter\Filters\Filters->initialize('login')
 4 SYSTEMPATH\CodeIgniter.php(481): CodeIgniter\Filters\Filters->run('login', 'before')
 5 SYSTEMPATH\CodeIgniter.php(355): CodeIgniter\CodeIgniter->handleRequest(null, Object(Config\Cache), false)
 6 SYSTEMPATH\Boot.php(325): CodeIgniter\CodeIgniter->run()
 7 SYSTEMPATH\Boot.php(67): CodeIgniter\Boot::runCodeIgniter(Object(CodeIgniter\CodeIgniter))
 8 FCPATH\index.php(56): CodeIgniter\Boot::bootWeb(Object(Config\Paths))
INFO - 2025-01-24 18:24:16 --> CSRF token verified.
INFO - 2025-01-24 18:24:29 --> Session: Class initialized using 'CodeIgniter\Session\Handlers\FileHandler' driver.
WARNING - 2025-01-24 18:24:31 --> [DEPRECATED] Setting lowercase HTTP method key "post" is deprecated. Use uppercase HTTP method like "POST". in SYSTEMPATH\Filters\Filters.php on line 648.
 1 SYSTEMPATH\Filters\Filters.php(648): trigger_error('Setting lowercase HTTP method key "post" is deprecated. Use uppercase HTTP method like "POST".', 16384)
 2 SYSTEMPATH\Filters\Filters.php(399): CodeIgniter\Filters\Filters->processMethods()
 3 SYSTEMPATH\Filters\Filters.php(181): CodeIgniter\Filters\Filters->initialize('login')
 4 SYSTEMPATH\CodeIgniter.php(481): CodeIgniter\Filters\Filters->run('login', 'before')
 5 SYSTEMPATH\CodeIgniter.php(355): CodeIgniter\CodeIgniter->handleRequest(null, Object(Config\Cache), false)
 6 SYSTEMPATH\Boot.php(325): CodeIgniter\CodeIgniter->run()
 7 SYSTEMPATH\Boot.php(67): CodeIgniter\Boot::runCodeIgniter(Object(CodeIgniter\CodeIgniter))
 8 FCPATH\index.php(56): CodeIgniter\Boot::bootWeb(Object(Config\Paths))
INFO - 2025-01-24 18:24:31 --> CSRF token verified.
WARNING - 2025-01-24 18:32:59 --> [DEPRECATED] Setting lowercase HTTP method key "post" is deprecated. Use uppercase HTTP method like "POST". in SYSTEMPATH\Filters\Filters.php on line 648.
 1 SYSTEMPATH\Filters\Filters.php(648): trigger_error('Setting lowercase HTTP method key "post" is deprecated. Use uppercase HTTP method like "POST".', 16384)
 2 SYSTEMPATH\Filters\Filters.php(399): CodeIgniter\Filters\Filters->processMethods()
 3 SYSTEMPATH\Filters\Filters.php(181): CodeIgniter\Filters\Filters->initialize('login')
 4 SYSTEMPATH\CodeIgniter.php(481): CodeIgniter\Filters\Filters->run('login', 'before')
 5 SYSTEMPATH\CodeIgniter.php(355): CodeIgniter\CodeIgniter->handleRequest(null, Object(Config\Cache), false)
 6 SYSTEMPATH\Boot.php(325): CodeIgniter\CodeIgniter->run()
 7 SYSTEMPATH\Boot.php(67): CodeIgniter\Boot::runCodeIgniter(Object(CodeIgniter\CodeIgniter))
 8 FCPATH\index.php(56): CodeIgniter\Boot::bootWeb(Object(Config\Paths))
INFO - 2025-01-24 18:32:59 --> CSRF token verified.
INFO - 2025-01-24 18:32:59 --> Session: Class initialized using 'CodeIgniter\Session\Handlers\FileHandler' driver.
INFO - 2025-01-24 18:43:51 --> Session: Class initialized using 'CodeIgniter\Session\Handlers\FileHandler' driver.
INFO - 2025-01-24 18:43:53 --> Session: Class initialized using 'CodeIgniter\Session\Handlers\FileHandler' driver.
WARNING - 2025-01-24 18:44:00 --> [DEPRECATED] Setting lowercase HTTP method key "post" is deprecated. Use uppercase HTTP method like "POST". in SYSTEMPATH\Filters\Filters.php on line 648.
 1 SYSTEMPATH\Filters\Filters.php(648): trigger_error('Setting lowercase HTTP method key "post" is deprecated. Use uppercase HTTP method like "POST".', 16384)
 2 SYSTEMPATH\Filters\Filters.php(399): CodeIgniter\Filters\Filters->processMethods()
 3 SYSTEMPATH\Filters\Filters.php(181): CodeIgniter\Filters\Filters->initialize('login')
 4 SYSTEMPATH\CodeIgniter.php(481): CodeIgniter\Filters\Filters->run('login', 'before')
 5 SYSTEMPATH\CodeIgniter.php(355): CodeIgniter\CodeIgniter->handleRequest(null, Object(Config\Cache), false)
 6 SYSTEMPATH\Boot.php(325): CodeIgniter\CodeIgniter->run()
 7 SYSTEMPATH\Boot.php(67): CodeIgniter\Boot::runCodeIgniter(Object(CodeIgniter\CodeIgniter))
 8 FCPATH\index.php(56): CodeIgniter\Boot::bootWeb(Object(Config\Paths))
INFO - 2025-01-24 18:44:00 --> CSRF token verified.
INFO - 2025-01-24 18:44:00 --> Session: Class initialized using 'CodeIgniter\Session\Handlers\FileHandler' driver.
INFO - 2025-01-24 18:44:03 --> Session: Class initialized using 'CodeIgniter\Session\Handlers\FileHandler' driver.
INFO - 2025-01-24 19:02:15 --> Session: Class initialized using 'CodeIgniter\Session\Handlers\FileHandler' driver.
INFO - 2025-01-24 19:09:13 --> Session: Class initialized using 'CodeIgniter\Session\Handlers\FileHandler' driver.
INFO - 2025-01-24 19:11:38 --> Session: Class initialized using 'CodeIgniter\Session\Handlers\FileHandler' driver.
INFO - 2025-01-24 19:12:47 --> Session: Class initialized using 'CodeIgniter\Session\Handlers\FileHandler' driver.
INFO - 2025-01-24 19:14:07 --> Session: Class initialized using 'CodeIgniter\Session\Handlers\FileHandler' driver.
INFO - 2025-01-24 19:14:56 --> Session: Class initialized using 'CodeIgniter\Session\Handlers\FileHandler' driver.
INFO - 2025-01-24 19:27:50 --> Session: Class initialized using 'CodeIgniter\Session\Handlers\FileHandler' driver.
INFO - 2025-01-24 19:27:53 --> Session: Class initialized using 'CodeIgniter\Session\Handlers\FileHandler' driver.
INFO - 2025-01-24 19:27:54 --> Session: Class initialized using 'CodeIgniter\Session\Handlers\FileHandler' driver.
INFO - 2025-01-24 19:27:58 --> Session: Class initialized using 'CodeIgniter\Session\Handlers\FileHandler' driver.
INFO - 2025-01-24 19:28:01 --> Session: Class initialized using 'CodeIgniter\Session\Handlers\FileHandler' driver.
INFO - 2025-01-24 19:28:51 --> Session: Class initialized using 'CodeIgniter\Session\Handlers\FileHandler' driver.
INFO - 2025-01-24 19:29:45 --> Session: Class initialized using 'CodeIgniter\Session\Handlers\FileHandler' driver.
INFO - 2025-01-24 19:29:48 --> Session: Class initialized using 'CodeIgniter\Session\Handlers\FileHandler' driver.
INFO - 2025-01-24 19:29:50 --> Session: Class initialized using 'CodeIgniter\Session\Handlers\FileHandler' driver.
INFO - 2025-01-24 19:29:52 --> Session: Class initialized using 'CodeIgniter\Session\Handlers\FileHandler' driver.
INFO - 2025-01-24 19:30:42 --> Session: Class initialized using 'CodeIgniter\Session\Handlers\FileHandler' driver.
INFO - 2025-01-24 19:30:44 --> Session: Class initialized using 'CodeIgniter\Session\Handlers\FileHandler' driver.
INFO - 2025-01-24 19:30:46 --> Session: Class initialized using 'CodeIgniter\Session\Handlers\FileHandler' driver.
INFO - 2025-01-24 19:45:25 --> Session: Class initialized using 'CodeIgniter\Session\Handlers\FileHandler' driver.
INFO - 2025-01-24 19:45:31 --> Session: Class initialized using 'CodeIgniter\Session\Handlers\FileHandler' driver.
CRITICAL - 2025-01-24 19:45:31 --> CodeIgniter\View\Exceptions\ViewException: Invalid file: "viajes/create.php"
[Method: GET, Route: news/new]
in SYSTEMPATH\Exceptions\FrameworkException.php on line 41.
 1 SYSTEMPATH\View\View.php(222): CodeIgniter\Exceptions\FrameworkException::forInvalidFile('viajes/create.php')
 2 SYSTEMPATH\Common.php(1171): CodeIgniter\View\View->render('viajes/create', [], true)
 3 APPPATH\Controllers\News.php(62): view('viajes/create', [...])
 4 SYSTEMPATH\CodeIgniter.php(933): App\Controllers\News->new()
 5 SYSTEMPATH\CodeIgniter.php(509): CodeIgniter\CodeIgniter->runController(Object(App\Controllers\News))
 6 SYSTEMPATH\CodeIgniter.php(355): CodeIgniter\CodeIgniter->handleRequest(null, Object(Config\Cache), false)
 7 SYSTEMPATH\Boot.php(325): CodeIgniter\CodeIgniter->run()
 8 SYSTEMPATH\Boot.php(67): CodeIgniter\Boot::runCodeIgniter(Object(CodeIgniter\CodeIgniter))
 9 FCPATH\index.php(56): CodeIgniter\Boot::bootWeb(Object(Config\Paths))
INFO - 2025-01-24 19:45:44 --> Session: Class initialized using 'CodeIgniter\Session\Handlers\FileHandler' driver.
INFO - 2025-01-24 19:45:54 --> Session: Class initialized using 'CodeIgniter\Session\Handlers\FileHandler' driver.
CRITICAL - 2025-01-24 19:45:54 --> CodeIgniter\View\Exceptions\ViewException: Invalid file: "viajes/create.php"
[Method: GET, Route: news/new]
in SYSTEMPATH\Exceptions\FrameworkException.php on line 41.
 1 SYSTEMPATH\View\View.php(222): CodeIgniter\Exceptions\FrameworkException::forInvalidFile('viajes/create.php')
 2 SYSTEMPATH\Common.php(1171): CodeIgniter\View\View->render('viajes/create', [], true)
 3 APPPATH\Controllers\News.php(62): view('viajes/create', [...])
 4 SYSTEMPATH\CodeIgniter.php(933): App\Controllers\News->new()
 5 SYSTEMPATH\CodeIgniter.php(509): CodeIgniter\CodeIgniter->runController(Object(App\Controllers\News))
 6 SYSTEMPATH\CodeIgniter.php(355): CodeIgniter\CodeIgniter->handleRequest(null, Object(Config\Cache), false)
 7 SYSTEMPATH\Boot.php(325): CodeIgniter\CodeIgniter->run()
 8 SYSTEMPATH\Boot.php(67): CodeIgniter\Boot::runCodeIgniter(Object(CodeIgniter\CodeIgniter))
 9 FCPATH\index.php(56): CodeIgniter\Boot::bootWeb(Object(Config\Paths))
INFO - 2025-01-24 19:46:01 --> Session: Class initialized using 'CodeIgniter\Session\Handlers\FileHandler' driver.
INFO - 2025-01-24 19:46:25 --> Session: Class initialized using 'CodeIgniter\Session\Handlers\FileHandler' driver.
INFO - 2025-01-24 19:46:27 --> Session: Class initialized using 'CodeIgniter\Session\Handlers\FileHandler' driver.
CRITICAL - 2025-01-24 19:46:27 --> CodeIgniter\View\Exceptions\ViewException: Invalid file: "viajes/create.php"
[Method: GET, Route: news/new]
in SYSTEMPATH\Exceptions\FrameworkException.php on line 41.
 1 SYSTEMPATH\View\View.php(222): CodeIgniter\Exceptions\FrameworkException::forInvalidFile('viajes/create.php')
 2 SYSTEMPATH\Common.php(1171): CodeIgniter\View\View->render('viajes/create', [], true)
 3 APPPATH\Controllers\News.php(62): view('viajes/create', [...])
 4 SYSTEMPATH\CodeIgniter.php(933): App\Controllers\News->new()
 5 SYSTEMPATH\CodeIgniter.php(509): CodeIgniter\CodeIgniter->runController(Object(App\Controllers\News))
 6 SYSTEMPATH\CodeIgniter.php(355): CodeIgniter\CodeIgniter->handleRequest(null, Object(Config\Cache), false)
 7 SYSTEMPATH\Boot.php(325): CodeIgniter\CodeIgniter->run()
 8 SYSTEMPATH\Boot.php(67): CodeIgniter\Boot::runCodeIgniter(Object(CodeIgniter\CodeIgniter))
 9 FCPATH\index.php(56): CodeIgniter\Boot::bootWeb(Object(Config\Paths))
INFO - 2025-01-24 19:48:43 --> Session: Class initialized using 'CodeIgniter\Session\Handlers\FileHandler' driver.
INFO - 2025-01-24 19:49:15 --> Session: Class initialized using 'CodeIgniter\Session\Handlers\FileHandler' driver.
