CRITICAL - 2025-05-05 21:45:46 --> CodeIgniter\Filters\Exceptions\FilterException: "apiaccesscontrol" filter must have a matching alias defined.
[Method: POST, Route: api/usuarios/logout]
in SYSTEMPATH/Filters/Filters.php on line 495.
 1 SYSTEMPATH/Filters/Filters.php(495): CodeIgniter\Filters\Exceptions\FilterException::forNoAlias('apiaccesscontrol')
 2 SYSTEMPATH/Filters/Filters.php(547): CodeIgniter\Filters\Filters->enableFilter('apiaccesscontrol', 'before')
 3 SYSTEMPATH/CodeIgniter.php(469): CodeIgniter\Filters\Filters->enableFilters([...], 'before')
 4 SYSTEMPATH/CodeIgniter.php(355): CodeIgniter\CodeIgniter->handleRequest(null, Object(Config\Cache), false)
 5 SYSTEMPATH/Boot.php(325): CodeIgniter\CodeIgniter->run()
 6 SYSTEMPATH/Boot.php(67): CodeIgniter\Boot::runCodeIgniter(Object(CodeIgniter\CodeIgniter))
 7 FCPATH/index.php(56): CodeIgniter\Boot::bootWeb(Object(Config\Paths))
CRITICAL - 2025-05-05 21:45:50 --> CodeIgniter\Filters\Exceptions\FilterException: "apiaccesscontrol" filter must have a matching alias defined.
[Method: POST, Route: api/usuarios/logout]
in SYSTEMPATH/Filters/Filters.php on line 495.
 1 SYSTEMPATH/Filters/Filters.php(495): CodeIgniter\Filters\Exceptions\FilterException::forNoAlias('apiaccesscontrol')
 2 SYSTEMPATH/Filters/Filters.php(547): CodeIgniter\Filters\Filters->enableFilter('apiaccesscontrol', 'before')
 3 SYSTEMPATH/CodeIgniter.php(469): CodeIgniter\Filters\Filters->enableFilters([...], 'before')
 4 SYSTEMPATH/CodeIgniter.php(355): CodeIgniter\CodeIgniter->handleRequest(null, Object(Config\Cache), false)
 5 SYSTEMPATH/Boot.php(325): CodeIgniter\CodeIgniter->run()
 6 SYSTEMPATH/Boot.php(67): CodeIgniter\Boot::runCodeIgniter(Object(CodeIgniter\CodeIgniter))
 7 FCPATH/index.php(56): CodeIgniter\Boot::bootWeb(Object(Config\Paths))
CRITICAL - 2025-05-05 21:45:56 --> CodeIgniter\Filters\Exceptions\FilterException: "apiaccesscontrol" filter must have a matching alias defined.
[Method: POST, Route: api/usuarios/logout]
in SYSTEMPATH/Filters/Filters.php on line 495.
 1 SYSTEMPATH/Filters/Filters.php(495): CodeIgniter\Filters\Exceptions\FilterException::forNoAlias('apiaccesscontrol')
 2 SYSTEMPATH/Filters/Filters.php(547): CodeIgniter\Filters\Filters->enableFilter('apiaccesscontrol', 'before')
 3 SYSTEMPATH/CodeIgniter.php(469): CodeIgniter\Filters\Filters->enableFilters([...], 'before')
 4 SYSTEMPATH/CodeIgniter.php(355): CodeIgniter\CodeIgniter->handleRequest(null, Object(Config\Cache), false)
 5 SYSTEMPATH/Boot.php(325): CodeIgniter\CodeIgniter->run()
 6 SYSTEMPATH/Boot.php(67): CodeIgniter\Boot::runCodeIgniter(Object(CodeIgniter\CodeIgniter))
 7 FCPATH/index.php(56): CodeIgniter\Boot::bootWeb(Object(Config\Paths))
CRITICAL - 2025-05-05 21:45:57 --> CodeIgniter\Filters\Exceptions\FilterException: "apiaccesscontrol" filter must have a matching alias defined.
[Method: POST, Route: api/usuarios/logout]
in SYSTEMPATH/Filters/Filters.php on line 495.
 1 SYSTEMPATH/Filters/Filters.php(495): CodeIgniter\Filters\Exceptions\FilterException::forNoAlias('apiaccesscontrol')
 2 SYSTEMPATH/Filters/Filters.php(547): CodeIgniter\Filters\Filters->enableFilter('apiaccesscontrol', 'before')
 3 SYSTEMPATH/CodeIgniter.php(469): CodeIgniter\Filters\Filters->enableFilters([...], 'before')
 4 SYSTEMPATH/CodeIgniter.php(355): CodeIgniter\CodeIgniter->handleRequest(null, Object(Config\Cache), false)
 5 SYSTEMPATH/Boot.php(325): CodeIgniter\CodeIgniter->run()
 6 SYSTEMPATH/Boot.php(67): CodeIgniter\Boot::runCodeIgniter(Object(CodeIgniter\CodeIgniter))
 7 FCPATH/index.php(56): CodeIgniter\Boot::bootWeb(Object(Config\Paths))
CRITICAL - 2025-05-05 21:46:22 --> CodeIgniter\Filters\Exceptions\FilterException: "apiaccesscontrol" filter must have a matching alias defined.
[Method: POST, Route: api/usuarios/logout]
in SYSTEMPATH/Filters/Filters.php on line 495.
 1 SYSTEMPATH/Filters/Filters.php(495): CodeIgniter\Filters\Exceptions\FilterException::forNoAlias('apiaccesscontrol')
 2 SYSTEMPATH/Filters/Filters.php(547): CodeIgniter\Filters\Filters->enableFilter('apiaccesscontrol', 'before')
 3 SYSTEMPATH/CodeIgniter.php(469): CodeIgniter\Filters\Filters->enableFilters([...], 'before')
 4 SYSTEMPATH/CodeIgniter.php(355): CodeIgniter\CodeIgniter->handleRequest(null, Object(Config\Cache), false)
 5 SYSTEMPATH/Boot.php(325): CodeIgniter\CodeIgniter->run()
 6 SYSTEMPATH/Boot.php(67): CodeIgniter\Boot::runCodeIgniter(Object(CodeIgniter\CodeIgniter))
 7 FCPATH/index.php(56): CodeIgniter\Boot::bootWeb(Object(Config\Paths))
CRITICAL - 2025-05-05 21:46:23 --> CodeIgniter\Filters\Exceptions\FilterException: "apiaccesscontrol" filter must have a matching alias defined.
[Method: POST, Route: api/usuarios/logout]
in SYSTEMPATH/Filters/Filters.php on line 495.
 1 SYSTEMPATH/Filters/Filters.php(495): CodeIgniter\Filters\Exceptions\FilterException::forNoAlias('apiaccesscontrol')
 2 SYSTEMPATH/Filters/Filters.php(547): CodeIgniter\Filters\Filters->enableFilter('apiaccesscontrol', 'before')
 3 SYSTEMPATH/CodeIgniter.php(469): CodeIgniter\Filters\Filters->enableFilters([...], 'before')
 4 SYSTEMPATH/CodeIgniter.php(355): CodeIgniter\CodeIgniter->handleRequest(null, Object(Config\Cache), false)
 5 SYSTEMPATH/Boot.php(325): CodeIgniter\CodeIgniter->run()
 6 SYSTEMPATH/Boot.php(67): CodeIgniter\Boot::runCodeIgniter(Object(CodeIgniter\CodeIgniter))
 7 FCPATH/index.php(56): CodeIgniter\Boot::bootWeb(Object(Config\Paths))
CRITICAL - 2025-05-05 21:46:23 --> CodeIgniter\Filters\Exceptions\FilterException: "apiaccesscontrol" filter must have a matching alias defined.
[Method: POST, Route: api/usuarios/logout]
in SYSTEMPATH/Filters/Filters.php on line 495.
 1 SYSTEMPATH/Filters/Filters.php(495): CodeIgniter\Filters\Exceptions\FilterException::forNoAlias('apiaccesscontrol')
 2 SYSTEMPATH/Filters/Filters.php(547): CodeIgniter\Filters\Filters->enableFilter('apiaccesscontrol', 'before')
 3 SYSTEMPATH/CodeIgniter.php(469): CodeIgniter\Filters\Filters->enableFilters([...], 'before')
 4 SYSTEMPATH/CodeIgniter.php(355): CodeIgniter\CodeIgniter->handleRequest(null, Object(Config\Cache), false)
 5 SYSTEMPATH/Boot.php(325): CodeIgniter\CodeIgniter->run()
 6 SYSTEMPATH/Boot.php(67): CodeIgniter\Boot::runCodeIgniter(Object(CodeIgniter\CodeIgniter))
 7 FCPATH/index.php(56): CodeIgniter\Boot::bootWeb(Object(Config\Paths))
CRITICAL - 2025-05-05 21:46:25 --> CodeIgniter\Filters\Exceptions\FilterException: "apiaccesscontrol" filter must have a matching alias defined.
[Method: POST, Route: api/usuarios/logout]
in SYSTEMPATH/Filters/Filters.php on line 495.
 1 SYSTEMPATH/Filters/Filters.php(495): CodeIgniter\Filters\Exceptions\FilterException::forNoAlias('apiaccesscontrol')
 2 SYSTEMPATH/Filters/Filters.php(547): CodeIgniter\Filters\Filters->enableFilter('apiaccesscontrol', 'before')
 3 SYSTEMPATH/CodeIgniter.php(469): CodeIgniter\Filters\Filters->enableFilters([...], 'before')
 4 SYSTEMPATH/CodeIgniter.php(355): CodeIgniter\CodeIgniter->handleRequest(null, Object(Config\Cache), false)
 5 SYSTEMPATH/Boot.php(325): CodeIgniter\CodeIgniter->run()
 6 SYSTEMPATH/Boot.php(67): CodeIgniter\Boot::runCodeIgniter(Object(CodeIgniter\CodeIgniter))
 7 FCPATH/index.php(56): CodeIgniter\Boot::bootWeb(Object(Config\Paths))
CRITICAL - 2025-05-05 21:46:33 --> CodeIgniter\Filters\Exceptions\FilterException: "apiaccesscontrol" filter must have a matching alias defined.
[Method: POST, Route: api/usuarios/logout]
in SYSTEMPATH/Filters/Filters.php on line 495.
 1 SYSTEMPATH/Filters/Filters.php(495): CodeIgniter\Filters\Exceptions\FilterException::forNoAlias('apiaccesscontrol')
 2 SYSTEMPATH/Filters/Filters.php(547): CodeIgniter\Filters\Filters->enableFilter('apiaccesscontrol', 'before')
 3 SYSTEMPATH/CodeIgniter.php(469): CodeIgniter\Filters\Filters->enableFilters([...], 'before')
 4 SYSTEMPATH/CodeIgniter.php(355): CodeIgniter\CodeIgniter->handleRequest(null, Object(Config\Cache), false)
 5 SYSTEMPATH/Boot.php(325): CodeIgniter\CodeIgniter->run()
 6 SYSTEMPATH/Boot.php(67): CodeIgniter\Boot::runCodeIgniter(Object(CodeIgniter\CodeIgniter))
 7 FCPATH/index.php(56): CodeIgniter\Boot::bootWeb(Object(Config\Paths))
CRITICAL - 2025-05-05 21:51:29 --> CodeIgniter\Filters\Exceptions\FilterException: "apiaccesscontrol" filter must have a matching alias defined.
[Method: POST, Route: api/usuarios/logout]
in SYSTEMPATH/Filters/Filters.php on line 495.
 1 SYSTEMPATH/Filters/Filters.php(495): CodeIgniter\Filters\Exceptions\FilterException::forNoAlias('apiaccesscontrol')
 2 SYSTEMPATH/Filters/Filters.php(547): CodeIgniter\Filters\Filters->enableFilter('apiaccesscontrol', 'before')
 3 SYSTEMPATH/CodeIgniter.php(469): CodeIgniter\Filters\Filters->enableFilters([...], 'before')
 4 SYSTEMPATH/CodeIgniter.php(355): CodeIgniter\CodeIgniter->handleRequest(null, Object(Config\Cache), false)
 5 SYSTEMPATH/Boot.php(325): CodeIgniter\CodeIgniter->run()
 6 SYSTEMPATH/Boot.php(67): CodeIgniter\Boot::runCodeIgniter(Object(CodeIgniter\CodeIgniter))
 7 FCPATH/index.php(56): CodeIgniter\Boot::bootWeb(Object(Config\Paths))
CRITICAL - 2025-05-05 21:57:21 --> CodeIgniter\Filters\Exceptions\FilterException: "apiaccesscontrol" filter must have a matching alias defined.
[Method: POST, Route: api/usuarios/logout]
in SYSTEMPATH/Filters/Filters.php on line 495.
 1 SYSTEMPATH/Filters/Filters.php(495): CodeIgniter\Filters\Exceptions\FilterException::forNoAlias('apiaccesscontrol')
 2 SYSTEMPATH/Filters/Filters.php(547): CodeIgniter\Filters\Filters->enableFilter('apiaccesscontrol', 'before')
 3 SYSTEMPATH/CodeIgniter.php(469): CodeIgniter\Filters\Filters->enableFilters([...], 'before')
 4 SYSTEMPATH/CodeIgniter.php(355): CodeIgniter\CodeIgniter->handleRequest(null, Object(Config\Cache), false)
 5 SYSTEMPATH/Boot.php(325): CodeIgniter\CodeIgniter->run()
 6 SYSTEMPATH/Boot.php(67): CodeIgniter\Boot::runCodeIgniter(Object(CodeIgniter\CodeIgniter))
 7 FCPATH/index.php(56): CodeIgniter\Boot::bootWeb(Object(Config\Paths))
CRITICAL - 2025-05-05 21:57:26 --> CodeIgniter\Filters\Exceptions\FilterException: "apiaccesscontrol" filter must have a matching alias defined.
[Method: POST, Route: api/usuarios/logout]
in SYSTEMPATH/Filters/Filters.php on line 495.
 1 SYSTEMPATH/Filters/Filters.php(495): CodeIgniter\Filters\Exceptions\FilterException::forNoAlias('apiaccesscontrol')
 2 SYSTEMPATH/Filters/Filters.php(547): CodeIgniter\Filters\Filters->enableFilter('apiaccesscontrol', 'before')
 3 SYSTEMPATH/CodeIgniter.php(469): CodeIgniter\Filters\Filters->enableFilters([...], 'before')
 4 SYSTEMPATH/CodeIgniter.php(355): CodeIgniter\CodeIgniter->handleRequest(null, Object(Config\Cache), false)
 5 SYSTEMPATH/Boot.php(325): CodeIgniter\CodeIgniter->run()
 6 SYSTEMPATH/Boot.php(67): CodeIgniter\Boot::runCodeIgniter(Object(CodeIgniter\CodeIgniter))
 7 FCPATH/index.php(56): CodeIgniter\Boot::bootWeb(Object(Config\Paths))
CRITICAL - 2025-05-05 22:00:59 --> CodeIgniter\Filters\Exceptions\FilterException: "apiaccesscontrol" filter must have a matching alias defined.
[Method: POST, Route: api/usuarios/logout]
in SYSTEMPATH/Filters/Filters.php on line 495.
 1 SYSTEMPATH/Filters/Filters.php(495): CodeIgniter\Filters\Exceptions\FilterException::forNoAlias('apiaccesscontrol')
 2 SYSTEMPATH/Filters/Filters.php(547): CodeIgniter\Filters\Filters->enableFilter('apiaccesscontrol', 'before')
 3 SYSTEMPATH/CodeIgniter.php(469): CodeIgniter\Filters\Filters->enableFilters([...], 'before')
 4 SYSTEMPATH/CodeIgniter.php(355): CodeIgniter\CodeIgniter->handleRequest(null, Object(Config\Cache), false)
 5 SYSTEMPATH/Boot.php(325): CodeIgniter\CodeIgniter->run()
 6 SYSTEMPATH/Boot.php(67): CodeIgniter\Boot::runCodeIgniter(Object(CodeIgniter\CodeIgniter))
 7 FCPATH/index.php(56): CodeIgniter\Boot::bootWeb(Object(Config\Paths))
