CRITICAL - 2025-03-22 15:22:45 --> Error: Call to a member function isAdmin() on null
[Method: GET, Route: admin/users]
in APPPATH/Views/usuarios/index.php on line 1.
 1 SYSTEMPATH/View/View.php(234): include()
 2 SYSTEMPATH/View/View.php(237): CodeIgniter\View\View->CodeIgniter\View\{closure}()
 3 SYSTEMPATH/Common.php(1171): CodeIgniter\View\View->render('usuarios/index', [], true)
 4 APPPATH/Controllers/Usuarios.php(53): view('usuarios/index')
 5 SYSTEMPATH/CodeIgniter.php(933): App\Controllers\Usuarios->index()
 6 SYSTEMPATH/CodeIgniter.php(509): CodeIgniter\CodeIgniter->runController(Object(App\Controllers\Usuarios))
 7 SYSTEMPATH/CodeIgniter.php(355): CodeIgniter\CodeIgniter->handleRequest(null, Object(Config\Cache), false)
 8 SYSTEMPATH/Boot.php(325): CodeIgniter\CodeIgniter->run()
 9 SYSTEMPATH/Boot.php(67): CodeIgniter\Boot::runCodeIgniter(Object(CodeIgniter\CodeIgniter))
10 FCPATH/index.php(56): CodeIgniter\Boot::bootWeb(Object(Config\Paths))
CRITICAL - 2025-03-22 15:34:34 --> Error: Call to a member function isAdmin() on null
[Method: GET, Route: admin/users/1]
in APPPATH/Views/usuarios/view.php on line 1.
 1 SYSTEMPATH/View/View.php(234): include()
 2 SYSTEMPATH/View/View.php(237): CodeIgniter\View\View->CodeIgniter\View\{closure}()
 3 SYSTEMPATH/Common.php(1171): CodeIgniter\View\View->render('usuarios/view', [], true)
 4 APPPATH/Controllers/Usuarios.php(81): view('usuarios/view')
 5 SYSTEMPATH/CodeIgniter.php(933): App\Controllers\Usuarios->view('1')
 6 SYSTEMPATH/CodeIgniter.php(509): CodeIgniter\CodeIgniter->runController(Object(App\Controllers\Usuarios))
 7 SYSTEMPATH/CodeIgniter.php(355): CodeIgniter\CodeIgniter->handleRequest(null, Object(Config\Cache), false)
 8 SYSTEMPATH/Boot.php(325): CodeIgniter\CodeIgniter->run()
 9 SYSTEMPATH/Boot.php(67): CodeIgniter\Boot::runCodeIgniter(Object(CodeIgniter\CodeIgniter))
10 FCPATH/index.php(56): CodeIgniter\Boot::bootWeb(Object(Config\Paths))
CRITICAL - 2025-03-22 16:23:00 --> Error: Cannot use object of type stdClass as array
[Method: GET, Route: admin/users/1]
in APPPATH/Models/UsuariosModel.php on line 44.
 1 APPPATH/Models/UsuariosModel.php(50): App\Models\UsuariosModel->hasRole('4', 'admin')
 2 APPPATH/Controllers/Usuarios.php(32): App\Models\UsuariosModel->canAccessBackend('4')
 3 APPPATH/Controllers/Usuarios.php(68): App\Controllers\Usuarios->checkAdminAccess()
 4 SYSTEMPATH/CodeIgniter.php(933): App\Controllers\Usuarios->view('1')
 5 SYSTEMPATH/CodeIgniter.php(509): CodeIgniter\CodeIgniter->runController(Object(App\Controllers\Usuarios))
 6 SYSTEMPATH/CodeIgniter.php(355): CodeIgniter\CodeIgniter->handleRequest(null, Object(Config\Cache), false)
 7 SYSTEMPATH/Boot.php(325): CodeIgniter\CodeIgniter->run()
 8 SYSTEMPATH/Boot.php(67): CodeIgniter\Boot::runCodeIgniter(Object(CodeIgniter\CodeIgniter))
 9 FCPATH/index.php(56): CodeIgniter\Boot::bootWeb(Object(Config\Paths))
CRITICAL - 2025-03-22 16:23:29 --> BadMethodCallException: Call to undefined method App\Models\UsuariosModel::obtenerUsuarioConEdad
[Method: GET, Route: admin/users/1]
in SYSTEMPATH/Model.php on line 932.
 1 APPPATH/Controllers/Usuarios.php(74): CodeIgniter\Model->__call('obtenerUsuarioConEdad', [...])
 2 SYSTEMPATH/CodeIgniter.php(933): App\Controllers\Usuarios->view('1')
 3 SYSTEMPATH/CodeIgniter.php(509): CodeIgniter\CodeIgniter->runController(Object(App\Controllers\Usuarios))
 4 SYSTEMPATH/CodeIgniter.php(355): CodeIgniter\CodeIgniter->handleRequest(null, Object(Config\Cache), false)
 5 SYSTEMPATH/Boot.php(325): CodeIgniter\CodeIgniter->run()
 6 SYSTEMPATH/Boot.php(67): CodeIgniter\Boot::runCodeIgniter(Object(CodeIgniter\CodeIgniter))
 7 FCPATH/index.php(56): CodeIgniter\Boot::bootWeb(Object(Config\Paths))
CRITICAL - 2025-03-22 16:23:43 --> BadMethodCallException: Call to undefined method App\Models\UsuariosModel::obtenerUsuarioConEdad
[Method: GET, Route: admin/users/1]
in SYSTEMPATH/Model.php on line 932.
 1 APPPATH/Controllers/Usuarios.php(74): CodeIgniter\Model->__call('obtenerUsuarioConEdad', [...])
 2 SYSTEMPATH/CodeIgniter.php(933): App\Controllers\Usuarios->view('1')
 3 SYSTEMPATH/CodeIgniter.php(509): CodeIgniter\CodeIgniter->runController(Object(App\Controllers\Usuarios))
 4 SYSTEMPATH/CodeIgniter.php(355): CodeIgniter\CodeIgniter->handleRequest(null, Object(Config\Cache), false)
 5 SYSTEMPATH/Boot.php(325): CodeIgniter\CodeIgniter->run()
 6 SYSTEMPATH/Boot.php(67): CodeIgniter\Boot::runCodeIgniter(Object(CodeIgniter\CodeIgniter))
 7 FCPATH/index.php(56): CodeIgniter\Boot::bootWeb(Object(Config\Paths))
CRITICAL - 2025-03-22 16:24:44 --> Error: Cannot use object of type stdClass as array
[Method: GET, Route: admin/users/1]
in APPPATH/Views/usuarios/view.php on line 16.
 1 SYSTEMPATH/View/View.php(234): include()
 2 SYSTEMPATH/View/View.php(237): CodeIgniter\View\View->CodeIgniter\View\{closure}()
 3 SYSTEMPATH/Common.php(1171): CodeIgniter\View\View->render('usuarios/view', [], true)
 4 APPPATH/Controllers/Usuarios.php(89): view('usuarios/view', [...])
 5 SYSTEMPATH/CodeIgniter.php(933): App\Controllers\Usuarios->view('1')
 6 SYSTEMPATH/CodeIgniter.php(509): CodeIgniter\CodeIgniter->runController(Object(App\Controllers\Usuarios))
 7 SYSTEMPATH/CodeIgniter.php(355): CodeIgniter\CodeIgniter->handleRequest(null, Object(Config\Cache), false)
 8 SYSTEMPATH/Boot.php(325): CodeIgniter\CodeIgniter->run()
 9 SYSTEMPATH/Boot.php(67): CodeIgniter\Boot::runCodeIgniter(Object(CodeIgniter\CodeIgniter))
10 FCPATH/index.php(56): CodeIgniter\Boot::bootWeb(Object(Config\Paths))
CRITICAL - 2025-03-22 16:26:45 --> Error: Cannot use object of type stdClass as array
[Method: GET, Route: admin/users/1]
in APPPATH/Views/usuarios/view.php on line 16.
 1 SYSTEMPATH/View/View.php(234): include()
 2 SYSTEMPATH/View/View.php(237): CodeIgniter\View\View->CodeIgniter\View\{closure}()
 3 SYSTEMPATH/Common.php(1171): CodeIgniter\View\View->render('usuarios/view', [], true)
 4 APPPATH/Controllers/Usuarios.php(89): view('usuarios/view', [...])
 5 SYSTEMPATH/CodeIgniter.php(933): App\Controllers\Usuarios->view('1')
 6 SYSTEMPATH/CodeIgniter.php(509): CodeIgniter\CodeIgniter->runController(Object(App\Controllers\Usuarios))
 7 SYSTEMPATH/CodeIgniter.php(355): CodeIgniter\CodeIgniter->handleRequest(null, Object(Config\Cache), false)
 8 SYSTEMPATH/Boot.php(325): CodeIgniter\CodeIgniter->run()
 9 SYSTEMPATH/Boot.php(67): CodeIgniter\Boot::runCodeIgniter(Object(CodeIgniter\CodeIgniter))
10 FCPATH/index.php(56): CodeIgniter\Boot::bootWeb(Object(Config\Paths))
CRITICAL - 2025-03-22 16:27:26 --> Error: Cannot use object of type stdClass as array
[Method: GET, Route: admin/users]
in APPPATH/Views/usuarios/index.php on line 30.
 1 SYSTEMPATH/View/View.php(234): include()
 2 SYSTEMPATH/View/View.php(237): CodeIgniter\View\View->CodeIgniter\View\{closure}()
 3 SYSTEMPATH/Common.php(1171): CodeIgniter\View\View->render('usuarios/index', [], true)
 4 APPPATH/Controllers/Usuarios.php(53): view('usuarios/index')
 5 SYSTEMPATH/CodeIgniter.php(933): App\Controllers\Usuarios->index()
 6 SYSTEMPATH/CodeIgniter.php(509): CodeIgniter\CodeIgniter->runController(Object(App\Controllers\Usuarios))
 7 SYSTEMPATH/CodeIgniter.php(355): CodeIgniter\CodeIgniter->handleRequest(null, Object(Config\Cache), false)
 8 SYSTEMPATH/Boot.php(325): CodeIgniter\CodeIgniter->run()
 9 SYSTEMPATH/Boot.php(67): CodeIgniter\Boot::runCodeIgniter(Object(CodeIgniter\CodeIgniter))
10 FCPATH/index.php(56): CodeIgniter\Boot::bootWeb(Object(Config\Paths))
CRITICAL - 2025-03-22 16:27:28 --> Error: Cannot use object of type stdClass as array
[Method: GET, Route: admin/users/1]
in APPPATH/Views/usuarios/view.php on line 16.
 1 SYSTEMPATH/View/View.php(234): include()
 2 SYSTEMPATH/View/View.php(237): CodeIgniter\View\View->CodeIgniter\View\{closure}()
 3 SYSTEMPATH/Common.php(1171): CodeIgniter\View\View->render('usuarios/view', [], true)
 4 APPPATH/Controllers/Usuarios.php(89): view('usuarios/view', [...])
 5 SYSTEMPATH/CodeIgniter.php(933): App\Controllers\Usuarios->view('1')
 6 SYSTEMPATH/CodeIgniter.php(509): CodeIgniter\CodeIgniter->runController(Object(App\Controllers\Usuarios))
 7 SYSTEMPATH/CodeIgniter.php(355): CodeIgniter\CodeIgniter->handleRequest(null, Object(Config\Cache), false)
 8 SYSTEMPATH/Boot.php(325): CodeIgniter\CodeIgniter->run()
 9 SYSTEMPATH/Boot.php(67): CodeIgniter\Boot::runCodeIgniter(Object(CodeIgniter\CodeIgniter))
10 FCPATH/index.php(56): CodeIgniter\Boot::bootWeb(Object(Config\Paths))
CRITICAL - 2025-03-22 16:27:31 --> Error: Cannot use object of type stdClass as array
[Method: GET, Route: admin/users]
in APPPATH/Views/usuarios/index.php on line 30.
 1 SYSTEMPATH/View/View.php(234): include()
 2 SYSTEMPATH/View/View.php(237): CodeIgniter\View\View->CodeIgniter\View\{closure}()
 3 SYSTEMPATH/Common.php(1171): CodeIgniter\View\View->render('usuarios/index', [], true)
 4 APPPATH/Controllers/Usuarios.php(53): view('usuarios/index')
 5 SYSTEMPATH/CodeIgniter.php(933): App\Controllers\Usuarios->index()
 6 SYSTEMPATH/CodeIgniter.php(509): CodeIgniter\CodeIgniter->runController(Object(App\Controllers\Usuarios))
 7 SYSTEMPATH/CodeIgniter.php(355): CodeIgniter\CodeIgniter->handleRequest(null, Object(Config\Cache), false)
 8 SYSTEMPATH/Boot.php(325): CodeIgniter\CodeIgniter->run()
 9 SYSTEMPATH/Boot.php(67): CodeIgniter\Boot::runCodeIgniter(Object(CodeIgniter\CodeIgniter))
10 FCPATH/index.php(56): CodeIgniter\Boot::bootWeb(Object(Config\Paths))
CRITICAL - 2025-03-22 16:27:45 --> Error: Cannot use object of type stdClass as array
[Method: GET, Route: admin/users]
in APPPATH/Views/usuarios/index.php on line 30.
 1 SYSTEMPATH/View/View.php(234): include()
 2 SYSTEMPATH/View/View.php(237): CodeIgniter\View\View->CodeIgniter\View\{closure}()
 3 SYSTEMPATH/Common.php(1171): CodeIgniter\View\View->render('usuarios/index', [], true)
 4 APPPATH/Controllers/Usuarios.php(53): view('usuarios/index')
 5 SYSTEMPATH/CodeIgniter.php(933): App\Controllers\Usuarios->index()
 6 SYSTEMPATH/CodeIgniter.php(509): CodeIgniter\CodeIgniter->runController(Object(App\Controllers\Usuarios))
 7 SYSTEMPATH/CodeIgniter.php(355): CodeIgniter\CodeIgniter->handleRequest(null, Object(Config\Cache), false)
 8 SYSTEMPATH/Boot.php(325): CodeIgniter\CodeIgniter->run()
 9 SYSTEMPATH/Boot.php(67): CodeIgniter\Boot::runCodeIgniter(Object(CodeIgniter\CodeIgniter))
10 FCPATH/index.php(56): CodeIgniter\Boot::bootWeb(Object(Config\Paths))
CRITICAL - 2025-03-22 16:30:48 --> BadMethodCallException: Call to undefined method App\Models\UsuariosModel::obtenerUsuarioConEdad
[Method: GET, Route: admin/users/1]
in SYSTEMPATH/Model.php on line 932.
 1 APPPATH/Controllers/Usuarios.php(74): CodeIgniter\Model->__call('obtenerUsuarioConEdad', [...])
 2 SYSTEMPATH/CodeIgniter.php(933): App\Controllers\Usuarios->view('1')
 3 SYSTEMPATH/CodeIgniter.php(509): CodeIgniter\CodeIgniter->runController(Object(App\Controllers\Usuarios))
 4 SYSTEMPATH/CodeIgniter.php(355): CodeIgniter\CodeIgniter->handleRequest(null, Object(Config\Cache), false)
 5 SYSTEMPATH/Boot.php(325): CodeIgniter\CodeIgniter->run()
 6 SYSTEMPATH/Boot.php(67): CodeIgniter\Boot::runCodeIgniter(Object(CodeIgniter\CodeIgniter))
 7 FCPATH/index.php(56): CodeIgniter\Boot::bootWeb(Object(Config\Paths))
CRITICAL - 2025-03-22 16:32:41 --> Error: Call to a member function isAdmin() on null
[Method: GET, Route: admin/users/update/1]
in APPPATH/Views/usuarios/update.php on line 1.
 1 SYSTEMPATH/View/View.php(234): include()
 2 SYSTEMPATH/View/View.php(237): CodeIgniter\View\View->CodeIgniter\View\{closure}()
 3 SYSTEMPATH/Common.php(1171): CodeIgniter\View\View->render('usuarios/update', [], true)
 4 APPPATH/Controllers/Usuarios.php(176): view('usuarios/update')
 5 SYSTEMPATH/CodeIgniter.php(933): App\Controllers\Usuarios->update('1')
 6 SYSTEMPATH/CodeIgniter.php(509): CodeIgniter\CodeIgniter->runController(Object(App\Controllers\Usuarios))
 7 SYSTEMPATH/CodeIgniter.php(355): CodeIgniter\CodeIgniter->handleRequest(null, Object(Config\Cache), false)
 8 SYSTEMPATH/Boot.php(325): CodeIgniter\CodeIgniter->run()
 9 SYSTEMPATH/Boot.php(67): CodeIgniter\Boot::runCodeIgniter(Object(CodeIgniter\CodeIgniter))
10 FCPATH/index.php(56): CodeIgniter\Boot::bootWeb(Object(Config\Paths))
CRITICAL - 2025-03-22 16:47:08 --> ErrorException: Undefined variable $usuariosModel
[Method: GET, Route: admin/users/update/1]
in APPPATH/Views/usuarios/update.php on line 4.
 1 APPPATH/Views/usuarios/update.php(4): CodeIgniter\Debug\Exceptions->errorHandler(2, 'Undefined variable $usuariosModel', '/var/www/html/app/Views/usuarios/update.php', 4)
 2 SYSTEMPATH/View/View.php(234): include('/var/www/html/app/Views/usuarios/update.php')
 3 SYSTEMPATH/View/View.php(237): CodeIgniter\View\View->CodeIgniter\View\{closure}()
 4 SYSTEMPATH/Common.php(1171): CodeIgniter\View\View->render('usuarios/update', [], true)
 5 APPPATH/Controllers/Usuarios.php(176): view('usuarios/update')
 6 SYSTEMPATH/CodeIgniter.php(933): App\Controllers\Usuarios->update('1')
 7 SYSTEMPATH/CodeIgniter.php(509): CodeIgniter\CodeIgniter->runController(Object(App\Controllers\Usuarios))
 8 SYSTEMPATH/CodeIgniter.php(355): CodeIgniter\CodeIgniter->handleRequest(null, Object(Config\Cache), false)
 9 SYSTEMPATH/Boot.php(325): CodeIgniter\CodeIgniter->run()
10 SYSTEMPATH/Boot.php(67): CodeIgniter\Boot::runCodeIgniter(Object(CodeIgniter\CodeIgniter))
11 FCPATH/index.php(56): CodeIgniter\Boot::bootWeb(Object(Config\Paths))
CRITICAL - 2025-03-22 16:47:41 --> ErrorException: Undefined variable $usuariosModel
[Method: GET, Route: admin/users/update/1]
in APPPATH/Views/usuarios/update.php on line 4.
 1 APPPATH/Views/usuarios/update.php(4): CodeIgniter\Debug\Exceptions->errorHandler(2, 'Undefined variable $usuariosModel', '/var/www/html/app/Views/usuarios/update.php', 4)
 2 SYSTEMPATH/View/View.php(234): include('/var/www/html/app/Views/usuarios/update.php')
 3 SYSTEMPATH/View/View.php(237): CodeIgniter\View\View->CodeIgniter\View\{closure}()
 4 SYSTEMPATH/Common.php(1171): CodeIgniter\View\View->render('usuarios/update', [], true)
 5 APPPATH/Controllers/Usuarios.php(176): view('usuarios/update')
 6 SYSTEMPATH/CodeIgniter.php(933): App\Controllers\Usuarios->update('1')
 7 SYSTEMPATH/CodeIgniter.php(509): CodeIgniter\CodeIgniter->runController(Object(App\Controllers\Usuarios))
 8 SYSTEMPATH/CodeIgniter.php(355): CodeIgniter\CodeIgniter->handleRequest(null, Object(Config\Cache), false)
 9 SYSTEMPATH/Boot.php(325): CodeIgniter\CodeIgniter->run()
10 SYSTEMPATH/Boot.php(67): CodeIgniter\Boot::runCodeIgniter(Object(CodeIgniter\CodeIgniter))
11 FCPATH/index.php(56): CodeIgniter\Boot::bootWeb(Object(Config\Paths))
CRITICAL - 2025-03-22 18:11:08 --> Error: Call to a member function isAdmin() on null
[Method: GET, Route: admin/users/new]
in APPPATH/Views/usuarios/create.php on line 1.
 1 SYSTEMPATH/View/View.php(234): include()
 2 SYSTEMPATH/View/View.php(237): CodeIgniter\View\View->CodeIgniter\View\{closure}()
 3 SYSTEMPATH/Common.php(1171): CodeIgniter\View\View->render('usuarios/create', [], true)
 4 APPPATH/Controllers/Usuarios.php(106): view('usuarios/create')
 5 SYSTEMPATH/CodeIgniter.php(933): App\Controllers\Usuarios->new()
 6 SYSTEMPATH/CodeIgniter.php(509): CodeIgniter\CodeIgniter->runController(Object(App\Controllers\Usuarios))
 7 SYSTEMPATH/CodeIgniter.php(355): CodeIgniter\CodeIgniter->handleRequest(null, Object(Config\Cache), false)
 8 SYSTEMPATH/Boot.php(325): CodeIgniter\CodeIgniter->run()
 9 SYSTEMPATH/Boot.php(67): CodeIgniter\Boot::runCodeIgniter(Object(CodeIgniter\CodeIgniter))
10 FCPATH/index.php(56): CodeIgniter\Boot::bootWeb(Object(Config\Paths))
CRITICAL - 2025-03-22 18:13:33 --> ParseError: syntax error, unexpected end of file
[Method: GET, Route: admin/users/new]
in APPPATH/Views/usuarios/create.php on line 57.
 1 SYSTEMPATH/View/View.php(237): CodeIgniter\View\View->CodeIgniter\View\{closure}()
 2 SYSTEMPATH/Common.php(1171): CodeIgniter\View\View->render('usuarios/create', [], true)
 3 APPPATH/Controllers/Usuarios.php(106): view('usuarios/create')
 4 SYSTEMPATH/CodeIgniter.php(933): App\Controllers\Usuarios->new()
 5 SYSTEMPATH/CodeIgniter.php(509): CodeIgniter\CodeIgniter->runController(Object(App\Controllers\Usuarios))
 6 SYSTEMPATH/CodeIgniter.php(355): CodeIgniter\CodeIgniter->handleRequest(null, Object(Config\Cache), false)
 7 SYSTEMPATH/Boot.php(325): CodeIgniter\CodeIgniter->run()
 8 SYSTEMPATH/Boot.php(67): CodeIgniter\Boot::runCodeIgniter(Object(CodeIgniter\CodeIgniter))
 9 FCPATH/index.php(56): CodeIgniter\Boot::bootWeb(Object(Config\Paths))
CRITICAL - 2025-03-22 18:17:36 --> Error: Call to a member function isAdmin() on null
[Method: GET, Route: admin/loginlog]
in APPPATH/Views/loginlog/index.php on line 1.
 1 SYSTEMPATH/View/View.php(234): include()
 2 SYSTEMPATH/View/View.php(237): CodeIgniter\View\View->CodeIgniter\View\{closure}()
 3 SYSTEMPATH/Common.php(1171): CodeIgniter\View\View->render('loginlog/index', [], true)
 4 APPPATH/Controllers/LoginLog.php(60): view('loginlog/index')
 5 SYSTEMPATH/CodeIgniter.php(933): App\Controllers\LoginLog->index()
 6 SYSTEMPATH/CodeIgniter.php(509): CodeIgniter\CodeIgniter->runController(Object(App\Controllers\LoginLog))
 7 SYSTEMPATH/CodeIgniter.php(355): CodeIgniter\CodeIgniter->handleRequest(null, Object(Config\Cache), false)
 8 SYSTEMPATH/Boot.php(325): CodeIgniter\CodeIgniter->run()
 9 SYSTEMPATH/Boot.php(67): CodeIgniter\Boot::runCodeIgniter(Object(CodeIgniter\CodeIgniter))
10 FCPATH/index.php(56): CodeIgniter\Boot::bootWeb(Object(Config\Paths))
ERROR - 2025-03-22 18:33:52 --> mysqli_sql_exception: CONSTRAINT `CONSTRAINT_1` failed for `solar_screen`.`Usuarios` in /var/www/html/system/Database/MySQLi/Connection.php:312
Stack trace:
#0 /var/www/html/system/Database/MySQLi/Connection.php(312): mysqli->query('INSERT INTO `Us...', 0)
#1 /var/www/html/system/Database/BaseConnection.php(734): CodeIgniter\Database\MySQLi\Connection->execute('INSERT INTO `Us...')
#2 /var/www/html/system/Database/BaseConnection.php(648): CodeIgniter\Database\BaseConnection->simpleQuery('INSERT INTO `Us...')
#3 /var/www/html/system/Database/BaseBuilder.php(2340): CodeIgniter\Database\BaseConnection->query('INSERT INTO `Us...', Array, false)
#4 /var/www/html/system/Model.php(394): CodeIgniter\Database\BaseBuilder->insert()
#5 /var/www/html/system/BaseModel.php(840): CodeIgniter\Model->doInsert(Array)
#6 /var/www/html/system/Model.php(802): CodeIgniter\BaseModel->insert(Array, false)
#7 /var/www/html/system/BaseModel.php(751): CodeIgniter\Model->insert(Array, false)
#8 /var/www/html/app/Controllers/Usuarios.php(151): CodeIgniter\BaseModel->save(Array)
#9 /var/www/html/system/CodeIgniter.php(933): App\Controllers\Usuarios->create()
#10 /var/www/html/system/CodeIgniter.php(509): CodeIgniter\CodeIgniter->runController(Object(App\Controllers\Usuarios))
#11 /var/www/html/system/CodeIgniter.php(355): CodeIgniter\CodeIgniter->handleRequest(NULL, Object(Config\Cache), false)
#12 /var/www/html/system/Boot.php(325): CodeIgniter\CodeIgniter->run()
#13 /var/www/html/system/Boot.php(67): CodeIgniter\Boot::runCodeIgniter(Object(CodeIgniter\CodeIgniter))
#14 /var/www/html/public/index.php(56): CodeIgniter\Boot::bootWeb(Object(Config\Paths))
#15 {main}
CRITICAL - 2025-03-22 18:33:53 --> CodeIgniter\Database\Exceptions\DatabaseException: CONSTRAINT `CONSTRAINT_1` failed for `solar_screen`.`Usuarios`
[Method: POST, Route: admin/users/create]
in SYSTEMPATH/Database/BaseConnection.php on line 688.
 1 SYSTEMPATH/Database/BaseBuilder.php(2340): CodeIgniter\Database\BaseConnection->query('INSERT INTO `Usuarios` (`Nombre`, `Correo`, `FechaNacimiento`, `Username`, `Rol`, `PasswordHash`, `Fecha_Registro`) VALUES (:Nombre:, :Correo:, :FechaNacimiento:, :Username:, :Rol:, :PasswordHash:, :Fecha_Registro:)', [...], false)
 2 SYSTEMPATH/Model.php(394): CodeIgniter\Database\BaseBuilder->insert()
 3 SYSTEMPATH/BaseModel.php(840): CodeIgniter\Model->doInsert([...])
 4 SYSTEMPATH/Model.php(802): CodeIgniter\BaseModel->insert([...], false)
 5 SYSTEMPATH/BaseModel.php(751): CodeIgniter\Model->insert([...], false)
 6 APPPATH/Controllers/Usuarios.php(151): CodeIgniter\BaseModel->save([...])
 7 SYSTEMPATH/CodeIgniter.php(933): App\Controllers\Usuarios->create()
 8 SYSTEMPATH/CodeIgniter.php(509): CodeIgniter\CodeIgniter->runController(Object(App\Controllers\Usuarios))
 9 SYSTEMPATH/CodeIgniter.php(355): CodeIgniter\CodeIgniter->handleRequest(null, Object(Config\Cache), false)
10 SYSTEMPATH/Boot.php(325): CodeIgniter\CodeIgniter->run()
11 SYSTEMPATH/Boot.php(67): CodeIgniter\Boot::runCodeIgniter(Object(CodeIgniter\CodeIgniter))
12 FCPATH/index.php(56): CodeIgniter\Boot::bootWeb(Object(Config\Paths))
CRITICAL - 2025-03-22 18:33:53 --> [Caused by] CodeIgniter\Database\Exceptions\DatabaseException: CONSTRAINT `CONSTRAINT_1` failed for `solar_screen`.`Usuarios`
in SYSTEMPATH/Database/MySQLi/Connection.php on line 317.
 1 SYSTEMPATH/Database/BaseConnection.php(734): CodeIgniter\Database\MySQLi\Connection->execute('INSERT INTO `Usuarios` (`Nombre`, `Correo`, `FechaNacimiento`, `Username`, `Rol`, `PasswordHash`, `Fecha_Registro`) VALUES (\'prueba1\', \'lino.banfi@prueba.es\', \'1998-02-02\', \'prueba\', \'user\', \'70610db5d1f16ffe92b6e0ce4e7d0a5f3d8f499ffa280d0e360b14d610beb4c5\', \'2025-03-22 18:33:52\')')
 2 SYSTEMPATH/Database/BaseConnection.php(648): CodeIgniter\Database\BaseConnection->simpleQuery('INSERT INTO `Usuarios` (`Nombre`, `Correo`, `FechaNacimiento`, `Username`, `Rol`, `PasswordHash`, `Fecha_Registro`) VALUES (\'prueba1\', \'lino.banfi@prueba.es\', \'1998-02-02\', \'prueba\', \'user\', \'70610db5d1f16ffe92b6e0ce4e7d0a5f3d8f499ffa280d0e360b14d610beb4c5\', \'2025-03-22 18:33:52\')')
 3 SYSTEMPATH/Database/BaseBuilder.php(2340): CodeIgniter\Database\BaseConnection->query('INSERT INTO `Usuarios` (`Nombre`, `Correo`, `FechaNacimiento`, `Username`, `Rol`, `PasswordHash`, `Fecha_Registro`) VALUES (:Nombre:, :Correo:, :FechaNacimiento:, :Username:, :Rol:, :PasswordHash:, :Fecha_Registro:)', [...], false)
 4 SYSTEMPATH/Model.php(394): CodeIgniter\Database\BaseBuilder->insert()
 5 SYSTEMPATH/BaseModel.php(840): CodeIgniter\Model->doInsert([...])
 6 SYSTEMPATH/Model.php(802): CodeIgniter\BaseModel->insert([...], false)
 7 SYSTEMPATH/BaseModel.php(751): CodeIgniter\Model->insert([...], false)
 8 APPPATH/Controllers/Usuarios.php(151): CodeIgniter\BaseModel->save([...])
 9 SYSTEMPATH/CodeIgniter.php(933): App\Controllers\Usuarios->create()
10 SYSTEMPATH/CodeIgniter.php(509): CodeIgniter\CodeIgniter->runController(Object(App\Controllers\Usuarios))
11 SYSTEMPATH/CodeIgniter.php(355): CodeIgniter\CodeIgniter->handleRequest(null, Object(Config\Cache), false)
12 SYSTEMPATH/Boot.php(325): CodeIgniter\CodeIgniter->run()
13 SYSTEMPATH/Boot.php(67): CodeIgniter\Boot::runCodeIgniter(Object(CodeIgniter\CodeIgniter))
14 FCPATH/index.php(56): CodeIgniter\Boot::bootWeb(Object(Config\Paths))
CRITICAL - 2025-03-22 18:33:53 --> [Caused by] mysqli_sql_exception: CONSTRAINT `CONSTRAINT_1` failed for `solar_screen`.`Usuarios`
in SYSTEMPATH/Database/MySQLi/Connection.php on line 312.
 1 SYSTEMPATH/Database/MySQLi/Connection.php(312): mysqli->query('INSERT INTO `Usuarios` (`Nombre`, `Correo`, `FechaNacimiento`, `Username`, `Rol`, `PasswordHash`, `Fecha_Registro`) VALUES (\'prueba1\', \'lino.banfi@prueba.es\', \'1998-02-02\', \'prueba\', \'user\', \'70610db5d1f16ffe92b6e0ce4e7d0a5f3d8f499ffa280d0e360b14d610beb4c5\', \'2025-03-22 18:33:52\')', 0)
 2 SYSTEMPATH/Database/BaseConnection.php(734): CodeIgniter\Database\MySQLi\Connection->execute('INSERT INTO `Usuarios` (`Nombre`, `Correo`, `FechaNacimiento`, `Username`, `Rol`, `PasswordHash`, `Fecha_Registro`) VALUES (\'prueba1\', \'lino.banfi@prueba.es\', \'1998-02-02\', \'prueba\', \'user\', \'70610db5d1f16ffe92b6e0ce4e7d0a5f3d8f499ffa280d0e360b14d610beb4c5\', \'2025-03-22 18:33:52\')')
 3 SYSTEMPATH/Database/BaseConnection.php(648): CodeIgniter\Database\BaseConnection->simpleQuery('INSERT INTO `Usuarios` (`Nombre`, `Correo`, `FechaNacimiento`, `Username`, `Rol`, `PasswordHash`, `Fecha_Registro`) VALUES (\'prueba1\', \'lino.banfi@prueba.es\', \'1998-02-02\', \'prueba\', \'user\', \'70610db5d1f16ffe92b6e0ce4e7d0a5f3d8f499ffa280d0e360b14d610beb4c5\', \'2025-03-22 18:33:52\')')
 4 SYSTEMPATH/Database/BaseBuilder.php(2340): CodeIgniter\Database\BaseConnection->query('INSERT INTO `Usuarios` (`Nombre`, `Correo`, `FechaNacimiento`, `Username`, `Rol`, `PasswordHash`, `Fecha_Registro`) VALUES (:Nombre:, :Correo:, :FechaNacimiento:, :Username:, :Rol:, :PasswordHash:, :Fecha_Registro:)', [...], false)
 5 SYSTEMPATH/Model.php(394): CodeIgniter\Database\BaseBuilder->insert()
 6 SYSTEMPATH/BaseModel.php(840): CodeIgniter\Model->doInsert([...])
 7 SYSTEMPATH/Model.php(802): CodeIgniter\BaseModel->insert([...], false)
 8 SYSTEMPATH/BaseModel.php(751): CodeIgniter\Model->insert([...], false)
 9 APPPATH/Controllers/Usuarios.php(151): CodeIgniter\BaseModel->save([...])
10 SYSTEMPATH/CodeIgniter.php(933): App\Controllers\Usuarios->create()
11 SYSTEMPATH/CodeIgniter.php(509): CodeIgniter\CodeIgniter->runController(Object(App\Controllers\Usuarios))
12 SYSTEMPATH/CodeIgniter.php(355): CodeIgniter\CodeIgniter->handleRequest(null, Object(Config\Cache), false)
13 SYSTEMPATH/Boot.php(325): CodeIgniter\CodeIgniter->run()
14 SYSTEMPATH/Boot.php(67): CodeIgniter\Boot::runCodeIgniter(Object(CodeIgniter\CodeIgniter))
15 FCPATH/index.php(56): CodeIgniter\Boot::bootWeb(Object(Config\Paths))
ERROR - 2025-03-22 19:14:12 --> mysqli_sql_exception: CONSTRAINT `CONSTRAINT_1` failed for `solar_screen`.`Usuarios` in /var/www/html/system/Database/MySQLi/Connection.php:312
Stack trace:
#0 /var/www/html/system/Database/MySQLi/Connection.php(312): mysqli->query('INSERT INTO `Us...', 0)
#1 /var/www/html/system/Database/BaseConnection.php(734): CodeIgniter\Database\MySQLi\Connection->execute('INSERT INTO `Us...')
#2 /var/www/html/system/Database/BaseConnection.php(648): CodeIgniter\Database\BaseConnection->simpleQuery('INSERT INTO `Us...')
#3 /var/www/html/system/Database/BaseBuilder.php(2340): CodeIgniter\Database\BaseConnection->query('INSERT INTO `Us...', Array, false)
#4 /var/www/html/system/Model.php(394): CodeIgniter\Database\BaseBuilder->insert()
#5 /var/www/html/system/BaseModel.php(840): CodeIgniter\Model->doInsert(Array)
#6 /var/www/html/system/Model.php(802): CodeIgniter\BaseModel->insert(Array, false)
#7 /var/www/html/system/BaseModel.php(751): CodeIgniter\Model->insert(Array, false)
#8 /var/www/html/app/Controllers/Usuarios.php(182): CodeIgniter\BaseModel->save(Array)
#9 /var/www/html/system/CodeIgniter.php(933): App\Controllers\Usuarios->create()
#10 /var/www/html/system/CodeIgniter.php(509): CodeIgniter\CodeIgniter->runController(Object(App\Controllers\Usuarios))
#11 /var/www/html/system/CodeIgniter.php(355): CodeIgniter\CodeIgniter->handleRequest(NULL, Object(Config\Cache), false)
#12 /var/www/html/system/Boot.php(325): CodeIgniter\CodeIgniter->run()
#13 /var/www/html/system/Boot.php(67): CodeIgniter\Boot::runCodeIgniter(Object(CodeIgniter\CodeIgniter))
#14 /var/www/html/public/index.php(56): CodeIgniter\Boot::bootWeb(Object(Config\Paths))
#15 {main}
CRITICAL - 2025-03-22 19:14:12 --> CodeIgniter\Database\Exceptions\DatabaseException: CONSTRAINT `CONSTRAINT_1` failed for `solar_screen`.`Usuarios`
[Method: POST, Route: admin/users/create]
in SYSTEMPATH/Database/BaseConnection.php on line 688.
 1 SYSTEMPATH/Database/BaseBuilder.php(2340): CodeIgniter\Database\BaseConnection->query('INSERT INTO `Usuarios` (`Nombre`, `Correo`, `FechaNacimiento`, `Username`, `Rol`, `GoogleID`, `PasswordHash`, `Fecha_Registro`) VALUES (:Nombre:, :Correo:, :FechaNacimiento:, :Username:, :Rol:, :GoogleID:, :PasswordHash:, :Fecha_Registro:)', [...], false)
 2 SYSTEMPATH/Model.php(394): CodeIgniter\Database\BaseBuilder->insert()
 3 SYSTEMPATH/BaseModel.php(840): CodeIgniter\Model->doInsert([...])
 4 SYSTEMPATH/Model.php(802): CodeIgniter\BaseModel->insert([...], false)
 5 SYSTEMPATH/BaseModel.php(751): CodeIgniter\Model->insert([...], false)
 6 APPPATH/Controllers/Usuarios.php(182): CodeIgniter\BaseModel->save([...])
 7 SYSTEMPATH/CodeIgniter.php(933): App\Controllers\Usuarios->create()
 8 SYSTEMPATH/CodeIgniter.php(509): CodeIgniter\CodeIgniter->runController(Object(App\Controllers\Usuarios))
 9 SYSTEMPATH/CodeIgniter.php(355): CodeIgniter\CodeIgniter->handleRequest(null, Object(Config\Cache), false)
10 SYSTEMPATH/Boot.php(325): CodeIgniter\CodeIgniter->run()
11 SYSTEMPATH/Boot.php(67): CodeIgniter\Boot::runCodeIgniter(Object(CodeIgniter\CodeIgniter))
12 FCPATH/index.php(56): CodeIgniter\Boot::bootWeb(Object(Config\Paths))
CRITICAL - 2025-03-22 19:14:12 --> [Caused by] CodeIgniter\Database\Exceptions\DatabaseException: CONSTRAINT `CONSTRAINT_1` failed for `solar_screen`.`Usuarios`
in SYSTEMPATH/Database/MySQLi/Connection.php on line 317.
 1 SYSTEMPATH/Database/BaseConnection.php(734): CodeIgniter\Database\MySQLi\Connection->execute('INSERT INTO `Usuarios` (`Nombre`, `Correo`, `FechaNacimiento`, `Username`, `Rol`, `GoogleID`, `PasswordHash`, `Fecha_Registro`) VALUES (\'prueba1\', \'lino.banfi@prueba.es\', \'1985-02-02\', \'prueba\', \'user\', NULL, \'70610db5d1f16ffe92b6e0ce4e7d0a5f3d8f499ffa280d0e360b14d610beb4c5\', \'2025-03-22 19:14:12\')')
 2 SYSTEMPATH/Database/BaseConnection.php(648): CodeIgniter\Database\BaseConnection->simpleQuery('INSERT INTO `Usuarios` (`Nombre`, `Correo`, `FechaNacimiento`, `Username`, `Rol`, `GoogleID`, `PasswordHash`, `Fecha_Registro`) VALUES (\'prueba1\', \'lino.banfi@prueba.es\', \'1985-02-02\', \'prueba\', \'user\', NULL, \'70610db5d1f16ffe92b6e0ce4e7d0a5f3d8f499ffa280d0e360b14d610beb4c5\', \'2025-03-22 19:14:12\')')
 3 SYSTEMPATH/Database/BaseBuilder.php(2340): CodeIgniter\Database\BaseConnection->query('INSERT INTO `Usuarios` (`Nombre`, `Correo`, `FechaNacimiento`, `Username`, `Rol`, `GoogleID`, `PasswordHash`, `Fecha_Registro`) VALUES (:Nombre:, :Correo:, :FechaNacimiento:, :Username:, :Rol:, :GoogleID:, :PasswordHash:, :Fecha_Registro:)', [...], false)
 4 SYSTEMPATH/Model.php(394): CodeIgniter\Database\BaseBuilder->insert()
 5 SYSTEMPATH/BaseModel.php(840): CodeIgniter\Model->doInsert([...])
 6 SYSTEMPATH/Model.php(802): CodeIgniter\BaseModel->insert([...], false)
 7 SYSTEMPATH/BaseModel.php(751): CodeIgniter\Model->insert([...], false)
 8 APPPATH/Controllers/Usuarios.php(182): CodeIgniter\BaseModel->save([...])
 9 SYSTEMPATH/CodeIgniter.php(933): App\Controllers\Usuarios->create()
10 SYSTEMPATH/CodeIgniter.php(509): CodeIgniter\CodeIgniter->runController(Object(App\Controllers\Usuarios))
11 SYSTEMPATH/CodeIgniter.php(355): CodeIgniter\CodeIgniter->handleRequest(null, Object(Config\Cache), false)
12 SYSTEMPATH/Boot.php(325): CodeIgniter\CodeIgniter->run()
13 SYSTEMPATH/Boot.php(67): CodeIgniter\Boot::runCodeIgniter(Object(CodeIgniter\CodeIgniter))
14 FCPATH/index.php(56): CodeIgniter\Boot::bootWeb(Object(Config\Paths))
CRITICAL - 2025-03-22 19:14:12 --> [Caused by] mysqli_sql_exception: CONSTRAINT `CONSTRAINT_1` failed for `solar_screen`.`Usuarios`
in SYSTEMPATH/Database/MySQLi/Connection.php on line 312.
 1 SYSTEMPATH/Database/MySQLi/Connection.php(312): mysqli->query('INSERT INTO `Usuarios` (`Nombre`, `Correo`, `FechaNacimiento`, `Username`, `Rol`, `GoogleID`, `PasswordHash`, `Fecha_Registro`) VALUES (\'prueba1\', \'lino.banfi@prueba.es\', \'1985-02-02\', \'prueba\', \'user\', NULL, \'70610db5d1f16ffe92b6e0ce4e7d0a5f3d8f499ffa280d0e360b14d610beb4c5\', \'2025-03-22 19:14:12\')', 0)
 2 SYSTEMPATH/Database/BaseConnection.php(734): CodeIgniter\Database\MySQLi\Connection->execute('INSERT INTO `Usuarios` (`Nombre`, `Correo`, `FechaNacimiento`, `Username`, `Rol`, `GoogleID`, `PasswordHash`, `Fecha_Registro`) VALUES (\'prueba1\', \'lino.banfi@prueba.es\', \'1985-02-02\', \'prueba\', \'user\', NULL, \'70610db5d1f16ffe92b6e0ce4e7d0a5f3d8f499ffa280d0e360b14d610beb4c5\', \'2025-03-22 19:14:12\')')
 3 SYSTEMPATH/Database/BaseConnection.php(648): CodeIgniter\Database\BaseConnection->simpleQuery('INSERT INTO `Usuarios` (`Nombre`, `Correo`, `FechaNacimiento`, `Username`, `Rol`, `GoogleID`, `PasswordHash`, `Fecha_Registro`) VALUES (\'prueba1\', \'lino.banfi@prueba.es\', \'1985-02-02\', \'prueba\', \'user\', NULL, \'70610db5d1f16ffe92b6e0ce4e7d0a5f3d8f499ffa280d0e360b14d610beb4c5\', \'2025-03-22 19:14:12\')')
 4 SYSTEMPATH/Database/BaseBuilder.php(2340): CodeIgniter\Database\BaseConnection->query('INSERT INTO `Usuarios` (`Nombre`, `Correo`, `FechaNacimiento`, `Username`, `Rol`, `GoogleID`, `PasswordHash`, `Fecha_Registro`) VALUES (:Nombre:, :Correo:, :FechaNacimiento:, :Username:, :Rol:, :GoogleID:, :PasswordHash:, :Fecha_Registro:)', [...], false)
 5 SYSTEMPATH/Model.php(394): CodeIgniter\Database\BaseBuilder->insert()
 6 SYSTEMPATH/BaseModel.php(840): CodeIgniter\Model->doInsert([...])
 7 SYSTEMPATH/Model.php(802): CodeIgniter\BaseModel->insert([...], false)
 8 SYSTEMPATH/BaseModel.php(751): CodeIgniter\Model->insert([...], false)
 9 APPPATH/Controllers/Usuarios.php(182): CodeIgniter\BaseModel->save([...])
10 SYSTEMPATH/CodeIgniter.php(933): App\Controllers\Usuarios->create()
11 SYSTEMPATH/CodeIgniter.php(509): CodeIgniter\CodeIgniter->runController(Object(App\Controllers\Usuarios))
12 SYSTEMPATH/CodeIgniter.php(355): CodeIgniter\CodeIgniter->handleRequest(null, Object(Config\Cache), false)
13 SYSTEMPATH/Boot.php(325): CodeIgniter\CodeIgniter->run()
14 SYSTEMPATH/Boot.php(67): CodeIgniter\Boot::runCodeIgniter(Object(CodeIgniter\CodeIgniter))
15 FCPATH/index.php(56): CodeIgniter\Boot::bootWeb(Object(Config\Paths))
ERROR - 2025-03-22 19:21:08 --> mysqli_sql_exception: CONSTRAINT `CONSTRAINT_1` failed for `solar_screen`.`Usuarios` in /var/www/html/system/Database/MySQLi/Connection.php:312
Stack trace:
#0 /var/www/html/system/Database/MySQLi/Connection.php(312): mysqli->query('INSERT INTO `Us...', 0)
#1 /var/www/html/system/Database/BaseConnection.php(734): CodeIgniter\Database\MySQLi\Connection->execute('INSERT INTO `Us...')
#2 /var/www/html/system/Database/BaseConnection.php(648): CodeIgniter\Database\BaseConnection->simpleQuery('INSERT INTO `Us...')
#3 /var/www/html/system/Database/BaseBuilder.php(2340): CodeIgniter\Database\BaseConnection->query('INSERT INTO `Us...', Array, false)
#4 /var/www/html/system/Model.php(394): CodeIgniter\Database\BaseBuilder->insert()
#5 /var/www/html/system/BaseModel.php(840): CodeIgniter\Model->doInsert(Array)
#6 /var/www/html/system/Model.php(802): CodeIgniter\BaseModel->insert(Array, false)
#7 /var/www/html/system/BaseModel.php(751): CodeIgniter\Model->insert(Array, false)
#8 /var/www/html/app/Controllers/Usuarios.php(177): CodeIgniter\BaseModel->save(Array)
#9 /var/www/html/system/CodeIgniter.php(933): App\Controllers\Usuarios->create()
#10 /var/www/html/system/CodeIgniter.php(509): CodeIgniter\CodeIgniter->runController(Object(App\Controllers\Usuarios))
#11 /var/www/html/system/CodeIgniter.php(355): CodeIgniter\CodeIgniter->handleRequest(NULL, Object(Config\Cache), false)
#12 /var/www/html/system/Boot.php(325): CodeIgniter\CodeIgniter->run()
#13 /var/www/html/system/Boot.php(67): CodeIgniter\Boot::runCodeIgniter(Object(CodeIgniter\CodeIgniter))
#14 /var/www/html/public/index.php(56): CodeIgniter\Boot::bootWeb(Object(Config\Paths))
#15 {main}
CRITICAL - 2025-03-22 19:21:08 --> CodeIgniter\Database\Exceptions\DatabaseException: CONSTRAINT `CONSTRAINT_1` failed for `solar_screen`.`Usuarios`
[Method: POST, Route: admin/users/create]
in SYSTEMPATH/Database/BaseConnection.php on line 688.
 1 SYSTEMPATH/Database/BaseBuilder.php(2340): CodeIgniter\Database\BaseConnection->query('INSERT INTO `Usuarios` (`Nombre`, `Correo`, `FechaNacimiento`, `Username`, `Rol`, `GoogleID`, `PasswordHash`, `Fecha_Registro`) VALUES (:Nombre:, :Correo:, :FechaNacimiento:, :Username:, :Rol:, :GoogleID:, :PasswordHash:, :Fecha_Registro:)', [...], false)
 2 SYSTEMPATH/Model.php(394): CodeIgniter\Database\BaseBuilder->insert()
 3 SYSTEMPATH/BaseModel.php(840): CodeIgniter\Model->doInsert([...])
 4 SYSTEMPATH/Model.php(802): CodeIgniter\BaseModel->insert([...], false)
 5 SYSTEMPATH/BaseModel.php(751): CodeIgniter\Model->insert([...], false)
 6 APPPATH/Controllers/Usuarios.php(177): CodeIgniter\BaseModel->save([...])
 7 SYSTEMPATH/CodeIgniter.php(933): App\Controllers\Usuarios->create()
 8 SYSTEMPATH/CodeIgniter.php(509): CodeIgniter\CodeIgniter->runController(Object(App\Controllers\Usuarios))
 9 SYSTEMPATH/CodeIgniter.php(355): CodeIgniter\CodeIgniter->handleRequest(null, Object(Config\Cache), false)
10 SYSTEMPATH/Boot.php(325): CodeIgniter\CodeIgniter->run()
11 SYSTEMPATH/Boot.php(67): CodeIgniter\Boot::runCodeIgniter(Object(CodeIgniter\CodeIgniter))
12 FCPATH/index.php(56): CodeIgniter\Boot::bootWeb(Object(Config\Paths))
CRITICAL - 2025-03-22 19:21:08 --> [Caused by] CodeIgniter\Database\Exceptions\DatabaseException: CONSTRAINT `CONSTRAINT_1` failed for `solar_screen`.`Usuarios`
in SYSTEMPATH/Database/MySQLi/Connection.php on line 317.
 1 SYSTEMPATH/Database/BaseConnection.php(734): CodeIgniter\Database\MySQLi\Connection->execute('INSERT INTO `Usuarios` (`Nombre`, `Correo`, `FechaNacimiento`, `Username`, `Rol`, `GoogleID`, `PasswordHash`, `Fecha_Registro`) VALUES (\'prueba1\', \'lino.banfi@prueba.es\', \'2003-02-02\', \'prueba\', \'user\', \'\', \'70610db5d1f16ffe92b6e0ce4e7d0a5f3d8f499ffa280d0e360b14d610beb4c5\', \'2025-03-22 19:21:08\')')
 2 SYSTEMPATH/Database/BaseConnection.php(648): CodeIgniter\Database\BaseConnection->simpleQuery('INSERT INTO `Usuarios` (`Nombre`, `Correo`, `FechaNacimiento`, `Username`, `Rol`, `GoogleID`, `PasswordHash`, `Fecha_Registro`) VALUES (\'prueba1\', \'lino.banfi@prueba.es\', \'2003-02-02\', \'prueba\', \'user\', \'\', \'70610db5d1f16ffe92b6e0ce4e7d0a5f3d8f499ffa280d0e360b14d610beb4c5\', \'2025-03-22 19:21:08\')')
 3 SYSTEMPATH/Database/BaseBuilder.php(2340): CodeIgniter\Database\BaseConnection->query('INSERT INTO `Usuarios` (`Nombre`, `Correo`, `FechaNacimiento`, `Username`, `Rol`, `GoogleID`, `PasswordHash`, `Fecha_Registro`) VALUES (:Nombre:, :Correo:, :FechaNacimiento:, :Username:, :Rol:, :GoogleID:, :PasswordHash:, :Fecha_Registro:)', [...], false)
 4 SYSTEMPATH/Model.php(394): CodeIgniter\Database\BaseBuilder->insert()
 5 SYSTEMPATH/BaseModel.php(840): CodeIgniter\Model->doInsert([...])
 6 SYSTEMPATH/Model.php(802): CodeIgniter\BaseModel->insert([...], false)
 7 SYSTEMPATH/BaseModel.php(751): CodeIgniter\Model->insert([...], false)
 8 APPPATH/Controllers/Usuarios.php(177): CodeIgniter\BaseModel->save([...])
 9 SYSTEMPATH/CodeIgniter.php(933): App\Controllers\Usuarios->create()
10 SYSTEMPATH/CodeIgniter.php(509): CodeIgniter\CodeIgniter->runController(Object(App\Controllers\Usuarios))
11 SYSTEMPATH/CodeIgniter.php(355): CodeIgniter\CodeIgniter->handleRequest(null, Object(Config\Cache), false)
12 SYSTEMPATH/Boot.php(325): CodeIgniter\CodeIgniter->run()
13 SYSTEMPATH/Boot.php(67): CodeIgniter\Boot::runCodeIgniter(Object(CodeIgniter\CodeIgniter))
14 FCPATH/index.php(56): CodeIgniter\Boot::bootWeb(Object(Config\Paths))
CRITICAL - 2025-03-22 19:21:08 --> [Caused by] mysqli_sql_exception: CONSTRAINT `CONSTRAINT_1` failed for `solar_screen`.`Usuarios`
in SYSTEMPATH/Database/MySQLi/Connection.php on line 312.
 1 SYSTEMPATH/Database/MySQLi/Connection.php(312): mysqli->query('INSERT INTO `Usuarios` (`Nombre`, `Correo`, `FechaNacimiento`, `Username`, `Rol`, `GoogleID`, `PasswordHash`, `Fecha_Registro`) VALUES (\'prueba1\', \'lino.banfi@prueba.es\', \'2003-02-02\', \'prueba\', \'user\', \'\', \'70610db5d1f16ffe92b6e0ce4e7d0a5f3d8f499ffa280d0e360b14d610beb4c5\', \'2025-03-22 19:21:08\')', 0)
 2 SYSTEMPATH/Database/BaseConnection.php(734): CodeIgniter\Database\MySQLi\Connection->execute('INSERT INTO `Usuarios` (`Nombre`, `Correo`, `FechaNacimiento`, `Username`, `Rol`, `GoogleID`, `PasswordHash`, `Fecha_Registro`) VALUES (\'prueba1\', \'lino.banfi@prueba.es\', \'2003-02-02\', \'prueba\', \'user\', \'\', \'70610db5d1f16ffe92b6e0ce4e7d0a5f3d8f499ffa280d0e360b14d610beb4c5\', \'2025-03-22 19:21:08\')')
 3 SYSTEMPATH/Database/BaseConnection.php(648): CodeIgniter\Database\BaseConnection->simpleQuery('INSERT INTO `Usuarios` (`Nombre`, `Correo`, `FechaNacimiento`, `Username`, `Rol`, `GoogleID`, `PasswordHash`, `Fecha_Registro`) VALUES (\'prueba1\', \'lino.banfi@prueba.es\', \'2003-02-02\', \'prueba\', \'user\', \'\', \'70610db5d1f16ffe92b6e0ce4e7d0a5f3d8f499ffa280d0e360b14d610beb4c5\', \'2025-03-22 19:21:08\')')
 4 SYSTEMPATH/Database/BaseBuilder.php(2340): CodeIgniter\Database\BaseConnection->query('INSERT INTO `Usuarios` (`Nombre`, `Correo`, `FechaNacimiento`, `Username`, `Rol`, `GoogleID`, `PasswordHash`, `Fecha_Registro`) VALUES (:Nombre:, :Correo:, :FechaNacimiento:, :Username:, :Rol:, :GoogleID:, :PasswordHash:, :Fecha_Registro:)', [...], false)
 5 SYSTEMPATH/Model.php(394): CodeIgniter\Database\BaseBuilder->insert()
 6 SYSTEMPATH/BaseModel.php(840): CodeIgniter\Model->doInsert([...])
 7 SYSTEMPATH/Model.php(802): CodeIgniter\BaseModel->insert([...], false)
 8 SYSTEMPATH/BaseModel.php(751): CodeIgniter\Model->insert([...], false)
 9 APPPATH/Controllers/Usuarios.php(177): CodeIgniter\BaseModel->save([...])
10 SYSTEMPATH/CodeIgniter.php(933): App\Controllers\Usuarios->create()
11 SYSTEMPATH/CodeIgniter.php(509): CodeIgniter\CodeIgniter->runController(Object(App\Controllers\Usuarios))
12 SYSTEMPATH/CodeIgniter.php(355): CodeIgniter\CodeIgniter->handleRequest(null, Object(Config\Cache), false)
13 SYSTEMPATH/Boot.php(325): CodeIgniter\CodeIgniter->run()
14 SYSTEMPATH/Boot.php(67): CodeIgniter\Boot::runCodeIgniter(Object(CodeIgniter\CodeIgniter))
15 FCPATH/index.php(56): CodeIgniter\Boot::bootWeb(Object(Config\Paths))
ERROR - 2025-03-22 21:31:46 --> mysqli_sql_exception: CONSTRAINT `CONSTRAINT_1` failed for `solar_screen`.`Usuarios` in /var/www/html/system/Database/MySQLi/Connection.php:312
Stack trace:
#0 /var/www/html/system/Database/MySQLi/Connection.php(312): mysqli->query('INSERT INTO `Us...', 0)
#1 /var/www/html/system/Database/BaseConnection.php(734): CodeIgniter\Database\MySQLi\Connection->execute('INSERT INTO `Us...')
#2 /var/www/html/system/Database/BaseConnection.php(648): CodeIgniter\Database\BaseConnection->simpleQuery('INSERT INTO `Us...')
#3 /var/www/html/system/Database/BaseBuilder.php(2340): CodeIgniter\Database\BaseConnection->query('INSERT INTO `Us...', Array, false)
#4 /var/www/html/system/Model.php(394): CodeIgniter\Database\BaseBuilder->insert()
#5 /var/www/html/system/BaseModel.php(840): CodeIgniter\Model->doInsert(Array)
#6 /var/www/html/system/Model.php(802): CodeIgniter\BaseModel->insert(Array, false)
#7 /var/www/html/system/BaseModel.php(751): CodeIgniter\Model->insert(Array, false)
#8 /var/www/html/app/Controllers/Usuarios.php(177): CodeIgniter\BaseModel->save(Array)
#9 /var/www/html/system/CodeIgniter.php(933): App\Controllers\Usuarios->create()
#10 /var/www/html/system/CodeIgniter.php(509): CodeIgniter\CodeIgniter->runController(Object(App\Controllers\Usuarios))
#11 /var/www/html/system/CodeIgniter.php(355): CodeIgniter\CodeIgniter->handleRequest(NULL, Object(Config\Cache), false)
#12 /var/www/html/system/Boot.php(325): CodeIgniter\CodeIgniter->run()
#13 /var/www/html/system/Boot.php(67): CodeIgniter\Boot::runCodeIgniter(Object(CodeIgniter\CodeIgniter))
#14 /var/www/html/public/index.php(56): CodeIgniter\Boot::bootWeb(Object(Config\Paths))
#15 {main}
CRITICAL - 2025-03-22 21:31:47 --> CodeIgniter\Database\Exceptions\DatabaseException: CONSTRAINT `CONSTRAINT_1` failed for `solar_screen`.`Usuarios`
[Method: POST, Route: admin/users/create]
in SYSTEMPATH/Database/BaseConnection.php on line 688.
 1 SYSTEMPATH/Database/BaseBuilder.php(2340): CodeIgniter\Database\BaseConnection->query('INSERT INTO `Usuarios` (`Nombre`, `Correo`, `FechaNacimiento`, `Username`, `Rol`, `GoogleID`, `PasswordHash`, `Fecha_Registro`) VALUES (:Nombre:, :Correo:, :FechaNacimiento:, :Username:, :Rol:, :GoogleID:, :PasswordHash:, :Fecha_Registro:)', [...], false)
 2 SYSTEMPATH/Model.php(394): CodeIgniter\Database\BaseBuilder->insert()
 3 SYSTEMPATH/BaseModel.php(840): CodeIgniter\Model->doInsert([...])
 4 SYSTEMPATH/Model.php(802): CodeIgniter\BaseModel->insert([...], false)
 5 SYSTEMPATH/BaseModel.php(751): CodeIgniter\Model->insert([...], false)
 6 APPPATH/Controllers/Usuarios.php(177): CodeIgniter\BaseModel->save([...])
 7 SYSTEMPATH/CodeIgniter.php(933): App\Controllers\Usuarios->create()
 8 SYSTEMPATH/CodeIgniter.php(509): CodeIgniter\CodeIgniter->runController(Object(App\Controllers\Usuarios))
 9 SYSTEMPATH/CodeIgniter.php(355): CodeIgniter\CodeIgniter->handleRequest(null, Object(Config\Cache), false)
10 SYSTEMPATH/Boot.php(325): CodeIgniter\CodeIgniter->run()
11 SYSTEMPATH/Boot.php(67): CodeIgniter\Boot::runCodeIgniter(Object(CodeIgniter\CodeIgniter))
12 FCPATH/index.php(56): CodeIgniter\Boot::bootWeb(Object(Config\Paths))
CRITICAL - 2025-03-22 21:31:47 --> [Caused by] CodeIgniter\Database\Exceptions\DatabaseException: CONSTRAINT `CONSTRAINT_1` failed for `solar_screen`.`Usuarios`
in SYSTEMPATH/Database/MySQLi/Connection.php on line 317.
 1 SYSTEMPATH/Database/BaseConnection.php(734): CodeIgniter\Database\MySQLi\Connection->execute('INSERT INTO `Usuarios` (`Nombre`, `Correo`, `FechaNacimiento`, `Username`, `Rol`, `GoogleID`, `PasswordHash`, `Fecha_Registro`) VALUES (\'prueba1\', \'lino.banfi@prueba.es\', \'2003-12-02\', \'prueba\', \'user\', \'\', \'70610db5d1f16ffe92b6e0ce4e7d0a5f3d8f499ffa280d0e360b14d610beb4c5\', \'2025-03-22 21:31:46\')')
 2 SYSTEMPATH/Database/BaseConnection.php(648): CodeIgniter\Database\BaseConnection->simpleQuery('INSERT INTO `Usuarios` (`Nombre`, `Correo`, `FechaNacimiento`, `Username`, `Rol`, `GoogleID`, `PasswordHash`, `Fecha_Registro`) VALUES (\'prueba1\', \'lino.banfi@prueba.es\', \'2003-12-02\', \'prueba\', \'user\', \'\', \'70610db5d1f16ffe92b6e0ce4e7d0a5f3d8f499ffa280d0e360b14d610beb4c5\', \'2025-03-22 21:31:46\')')
 3 SYSTEMPATH/Database/BaseBuilder.php(2340): CodeIgniter\Database\BaseConnection->query('INSERT INTO `Usuarios` (`Nombre`, `Correo`, `FechaNacimiento`, `Username`, `Rol`, `GoogleID`, `PasswordHash`, `Fecha_Registro`) VALUES (:Nombre:, :Correo:, :FechaNacimiento:, :Username:, :Rol:, :GoogleID:, :PasswordHash:, :Fecha_Registro:)', [...], false)
 4 SYSTEMPATH/Model.php(394): CodeIgniter\Database\BaseBuilder->insert()
 5 SYSTEMPATH/BaseModel.php(840): CodeIgniter\Model->doInsert([...])
 6 SYSTEMPATH/Model.php(802): CodeIgniter\BaseModel->insert([...], false)
 7 SYSTEMPATH/BaseModel.php(751): CodeIgniter\Model->insert([...], false)
 8 APPPATH/Controllers/Usuarios.php(177): CodeIgniter\BaseModel->save([...])
 9 SYSTEMPATH/CodeIgniter.php(933): App\Controllers\Usuarios->create()
10 SYSTEMPATH/CodeIgniter.php(509): CodeIgniter\CodeIgniter->runController(Object(App\Controllers\Usuarios))
11 SYSTEMPATH/CodeIgniter.php(355): CodeIgniter\CodeIgniter->handleRequest(null, Object(Config\Cache), false)
12 SYSTEMPATH/Boot.php(325): CodeIgniter\CodeIgniter->run()
13 SYSTEMPATH/Boot.php(67): CodeIgniter\Boot::runCodeIgniter(Object(CodeIgniter\CodeIgniter))
14 FCPATH/index.php(56): CodeIgniter\Boot::bootWeb(Object(Config\Paths))
CRITICAL - 2025-03-22 21:31:47 --> [Caused by] mysqli_sql_exception: CONSTRAINT `CONSTRAINT_1` failed for `solar_screen`.`Usuarios`
in SYSTEMPATH/Database/MySQLi/Connection.php on line 312.
 1 SYSTEMPATH/Database/MySQLi/Connection.php(312): mysqli->query('INSERT INTO `Usuarios` (`Nombre`, `Correo`, `FechaNacimiento`, `Username`, `Rol`, `GoogleID`, `PasswordHash`, `Fecha_Registro`) VALUES (\'prueba1\', \'lino.banfi@prueba.es\', \'2003-12-02\', \'prueba\', \'user\', \'\', \'70610db5d1f16ffe92b6e0ce4e7d0a5f3d8f499ffa280d0e360b14d610beb4c5\', \'2025-03-22 21:31:46\')', 0)
 2 SYSTEMPATH/Database/BaseConnection.php(734): CodeIgniter\Database\MySQLi\Connection->execute('INSERT INTO `Usuarios` (`Nombre`, `Correo`, `FechaNacimiento`, `Username`, `Rol`, `GoogleID`, `PasswordHash`, `Fecha_Registro`) VALUES (\'prueba1\', \'lino.banfi@prueba.es\', \'2003-12-02\', \'prueba\', \'user\', \'\', \'70610db5d1f16ffe92b6e0ce4e7d0a5f3d8f499ffa280d0e360b14d610beb4c5\', \'2025-03-22 21:31:46\')')
 3 SYSTEMPATH/Database/BaseConnection.php(648): CodeIgniter\Database\BaseConnection->simpleQuery('INSERT INTO `Usuarios` (`Nombre`, `Correo`, `FechaNacimiento`, `Username`, `Rol`, `GoogleID`, `PasswordHash`, `Fecha_Registro`) VALUES (\'prueba1\', \'lino.banfi@prueba.es\', \'2003-12-02\', \'prueba\', \'user\', \'\', \'70610db5d1f16ffe92b6e0ce4e7d0a5f3d8f499ffa280d0e360b14d610beb4c5\', \'2025-03-22 21:31:46\')')
 4 SYSTEMPATH/Database/BaseBuilder.php(2340): CodeIgniter\Database\BaseConnection->query('INSERT INTO `Usuarios` (`Nombre`, `Correo`, `FechaNacimiento`, `Username`, `Rol`, `GoogleID`, `PasswordHash`, `Fecha_Registro`) VALUES (:Nombre:, :Correo:, :FechaNacimiento:, :Username:, :Rol:, :GoogleID:, :PasswordHash:, :Fecha_Registro:)', [...], false)
 5 SYSTEMPATH/Model.php(394): CodeIgniter\Database\BaseBuilder->insert()
 6 SYSTEMPATH/BaseModel.php(840): CodeIgniter\Model->doInsert([...])
 7 SYSTEMPATH/Model.php(802): CodeIgniter\BaseModel->insert([...], false)
 8 SYSTEMPATH/BaseModel.php(751): CodeIgniter\Model->insert([...], false)
 9 APPPATH/Controllers/Usuarios.php(177): CodeIgniter\BaseModel->save([...])
10 SYSTEMPATH/CodeIgniter.php(933): App\Controllers\Usuarios->create()
11 SYSTEMPATH/CodeIgniter.php(509): CodeIgniter\CodeIgniter->runController(Object(App\Controllers\Usuarios))
12 SYSTEMPATH/CodeIgniter.php(355): CodeIgniter\CodeIgniter->handleRequest(null, Object(Config\Cache), false)
13 SYSTEMPATH/Boot.php(325): CodeIgniter\CodeIgniter->run()
14 SYSTEMPATH/Boot.php(67): CodeIgniter\Boot::runCodeIgniter(Object(CodeIgniter\CodeIgniter))
15 FCPATH/index.php(56): CodeIgniter\Boot::bootWeb(Object(Config\Paths))
ERROR - 2025-03-22 21:36:10 --> mysqli_sql_exception: CONSTRAINT `CONSTRAINT_1` failed for `solar_screen`.`Usuarios` in /var/www/html/system/Database/MySQLi/Connection.php:312
Stack trace:
#0 /var/www/html/system/Database/MySQLi/Connection.php(312): mysqli->query('INSERT INTO `Us...', 0)
#1 /var/www/html/system/Database/BaseConnection.php(734): CodeIgniter\Database\MySQLi\Connection->execute('INSERT INTO `Us...')
#2 /var/www/html/system/Database/BaseConnection.php(648): CodeIgniter\Database\BaseConnection->simpleQuery('INSERT INTO `Us...')
#3 /var/www/html/system/Database/BaseBuilder.php(2340): CodeIgniter\Database\BaseConnection->query('INSERT INTO `Us...', Array, false)
#4 /var/www/html/system/Model.php(394): CodeIgniter\Database\BaseBuilder->insert()
#5 /var/www/html/system/BaseModel.php(840): CodeIgniter\Model->doInsert(Array)
#6 /var/www/html/system/Model.php(802): CodeIgniter\BaseModel->insert(Array, false)
#7 /var/www/html/system/BaseModel.php(751): CodeIgniter\Model->insert(Array, false)
#8 /var/www/html/app/Controllers/Usuarios.php(177): CodeIgniter\BaseModel->save(Array)
#9 /var/www/html/system/CodeIgniter.php(933): App\Controllers\Usuarios->create()
#10 /var/www/html/system/CodeIgniter.php(509): CodeIgniter\CodeIgniter->runController(Object(App\Controllers\Usuarios))
#11 /var/www/html/system/CodeIgniter.php(355): CodeIgniter\CodeIgniter->handleRequest(NULL, Object(Config\Cache), false)
#12 /var/www/html/system/Boot.php(325): CodeIgniter\CodeIgniter->run()
#13 /var/www/html/system/Boot.php(67): CodeIgniter\Boot::runCodeIgniter(Object(CodeIgniter\CodeIgniter))
#14 /var/www/html/public/index.php(56): CodeIgniter\Boot::bootWeb(Object(Config\Paths))
#15 {main}
CRITICAL - 2025-03-22 21:36:10 --> CodeIgniter\Database\Exceptions\DatabaseException: CONSTRAINT `CONSTRAINT_1` failed for `solar_screen`.`Usuarios`
[Method: POST, Route: admin/users/create]
in SYSTEMPATH/Database/BaseConnection.php on line 688.
 1 SYSTEMPATH/Database/BaseBuilder.php(2340): CodeIgniter\Database\BaseConnection->query('INSERT INTO `Usuarios` (`Nombre`, `Correo`, `FechaNacimiento`, `Username`, `Rol`, `GoogleID`, `PasswordHash`, `Fecha_Registro`) VALUES (:Nombre:, :Correo:, :FechaNacimiento:, :Username:, :Rol:, :GoogleID:, :PasswordHash:, :Fecha_Registro:)', [...], false)
 2 SYSTEMPATH/Model.php(394): CodeIgniter\Database\BaseBuilder->insert()
 3 SYSTEMPATH/BaseModel.php(840): CodeIgniter\Model->doInsert([...])
 4 SYSTEMPATH/Model.php(802): CodeIgniter\BaseModel->insert([...], false)
 5 SYSTEMPATH/BaseModel.php(751): CodeIgniter\Model->insert([...], false)
 6 APPPATH/Controllers/Usuarios.php(177): CodeIgniter\BaseModel->save([...])
 7 SYSTEMPATH/CodeIgniter.php(933): App\Controllers\Usuarios->create()
 8 SYSTEMPATH/CodeIgniter.php(509): CodeIgniter\CodeIgniter->runController(Object(App\Controllers\Usuarios))
 9 SYSTEMPATH/CodeIgniter.php(355): CodeIgniter\CodeIgniter->handleRequest(null, Object(Config\Cache), false)
10 SYSTEMPATH/Boot.php(325): CodeIgniter\CodeIgniter->run()
11 SYSTEMPATH/Boot.php(67): CodeIgniter\Boot::runCodeIgniter(Object(CodeIgniter\CodeIgniter))
12 FCPATH/index.php(56): CodeIgniter\Boot::bootWeb(Object(Config\Paths))
CRITICAL - 2025-03-22 21:36:10 --> [Caused by] CodeIgniter\Database\Exceptions\DatabaseException: CONSTRAINT `CONSTRAINT_1` failed for `solar_screen`.`Usuarios`
in SYSTEMPATH/Database/MySQLi/Connection.php on line 317.
 1 SYSTEMPATH/Database/BaseConnection.php(734): CodeIgniter\Database\MySQLi\Connection->execute('INSERT INTO `Usuarios` (`Nombre`, `Correo`, `FechaNacimiento`, `Username`, `Rol`, `GoogleID`, `PasswordHash`, `Fecha_Registro`) VALUES (\'prueba1\', \'lino.banfi@prueba.es\', \'2003-12-02\', \'prueba\', \'user\', \'\', \'70610db5d1f16ffe92b6e0ce4e7d0a5f3d8f499ffa280d0e360b14d610beb4c5\', \'2025-03-22 21:36:09\')')
 2 SYSTEMPATH/Database/BaseConnection.php(648): CodeIgniter\Database\BaseConnection->simpleQuery('INSERT INTO `Usuarios` (`Nombre`, `Correo`, `FechaNacimiento`, `Username`, `Rol`, `GoogleID`, `PasswordHash`, `Fecha_Registro`) VALUES (\'prueba1\', \'lino.banfi@prueba.es\', \'2003-12-02\', \'prueba\', \'user\', \'\', \'70610db5d1f16ffe92b6e0ce4e7d0a5f3d8f499ffa280d0e360b14d610beb4c5\', \'2025-03-22 21:36:09\')')
 3 SYSTEMPATH/Database/BaseBuilder.php(2340): CodeIgniter\Database\BaseConnection->query('INSERT INTO `Usuarios` (`Nombre`, `Correo`, `FechaNacimiento`, `Username`, `Rol`, `GoogleID`, `PasswordHash`, `Fecha_Registro`) VALUES (:Nombre:, :Correo:, :FechaNacimiento:, :Username:, :Rol:, :GoogleID:, :PasswordHash:, :Fecha_Registro:)', [...], false)
 4 SYSTEMPATH/Model.php(394): CodeIgniter\Database\BaseBuilder->insert()
 5 SYSTEMPATH/BaseModel.php(840): CodeIgniter\Model->doInsert([...])
 6 SYSTEMPATH/Model.php(802): CodeIgniter\BaseModel->insert([...], false)
 7 SYSTEMPATH/BaseModel.php(751): CodeIgniter\Model->insert([...], false)
 8 APPPATH/Controllers/Usuarios.php(177): CodeIgniter\BaseModel->save([...])
 9 SYSTEMPATH/CodeIgniter.php(933): App\Controllers\Usuarios->create()
10 SYSTEMPATH/CodeIgniter.php(509): CodeIgniter\CodeIgniter->runController(Object(App\Controllers\Usuarios))
11 SYSTEMPATH/CodeIgniter.php(355): CodeIgniter\CodeIgniter->handleRequest(null, Object(Config\Cache), false)
12 SYSTEMPATH/Boot.php(325): CodeIgniter\CodeIgniter->run()
13 SYSTEMPATH/Boot.php(67): CodeIgniter\Boot::runCodeIgniter(Object(CodeIgniter\CodeIgniter))
14 FCPATH/index.php(56): CodeIgniter\Boot::bootWeb(Object(Config\Paths))
CRITICAL - 2025-03-22 21:36:10 --> [Caused by] mysqli_sql_exception: CONSTRAINT `CONSTRAINT_1` failed for `solar_screen`.`Usuarios`
in SYSTEMPATH/Database/MySQLi/Connection.php on line 312.
 1 SYSTEMPATH/Database/MySQLi/Connection.php(312): mysqli->query('INSERT INTO `Usuarios` (`Nombre`, `Correo`, `FechaNacimiento`, `Username`, `Rol`, `GoogleID`, `PasswordHash`, `Fecha_Registro`) VALUES (\'prueba1\', \'lino.banfi@prueba.es\', \'2003-12-02\', \'prueba\', \'user\', \'\', \'70610db5d1f16ffe92b6e0ce4e7d0a5f3d8f499ffa280d0e360b14d610beb4c5\', \'2025-03-22 21:36:09\')', 0)
 2 SYSTEMPATH/Database/BaseConnection.php(734): CodeIgniter\Database\MySQLi\Connection->execute('INSERT INTO `Usuarios` (`Nombre`, `Correo`, `FechaNacimiento`, `Username`, `Rol`, `GoogleID`, `PasswordHash`, `Fecha_Registro`) VALUES (\'prueba1\', \'lino.banfi@prueba.es\', \'2003-12-02\', \'prueba\', \'user\', \'\', \'70610db5d1f16ffe92b6e0ce4e7d0a5f3d8f499ffa280d0e360b14d610beb4c5\', \'2025-03-22 21:36:09\')')
 3 SYSTEMPATH/Database/BaseConnection.php(648): CodeIgniter\Database\BaseConnection->simpleQuery('INSERT INTO `Usuarios` (`Nombre`, `Correo`, `FechaNacimiento`, `Username`, `Rol`, `GoogleID`, `PasswordHash`, `Fecha_Registro`) VALUES (\'prueba1\', \'lino.banfi@prueba.es\', \'2003-12-02\', \'prueba\', \'user\', \'\', \'70610db5d1f16ffe92b6e0ce4e7d0a5f3d8f499ffa280d0e360b14d610beb4c5\', \'2025-03-22 21:36:09\')')
 4 SYSTEMPATH/Database/BaseBuilder.php(2340): CodeIgniter\Database\BaseConnection->query('INSERT INTO `Usuarios` (`Nombre`, `Correo`, `FechaNacimiento`, `Username`, `Rol`, `GoogleID`, `PasswordHash`, `Fecha_Registro`) VALUES (:Nombre:, :Correo:, :FechaNacimiento:, :Username:, :Rol:, :GoogleID:, :PasswordHash:, :Fecha_Registro:)', [...], false)
 5 SYSTEMPATH/Model.php(394): CodeIgniter\Database\BaseBuilder->insert()
 6 SYSTEMPATH/BaseModel.php(840): CodeIgniter\Model->doInsert([...])
 7 SYSTEMPATH/Model.php(802): CodeIgniter\BaseModel->insert([...], false)
 8 SYSTEMPATH/BaseModel.php(751): CodeIgniter\Model->insert([...], false)
 9 APPPATH/Controllers/Usuarios.php(177): CodeIgniter\BaseModel->save([...])
10 SYSTEMPATH/CodeIgniter.php(933): App\Controllers\Usuarios->create()
11 SYSTEMPATH/CodeIgniter.php(509): CodeIgniter\CodeIgniter->runController(Object(App\Controllers\Usuarios))
12 SYSTEMPATH/CodeIgniter.php(355): CodeIgniter\CodeIgniter->handleRequest(null, Object(Config\Cache), false)
13 SYSTEMPATH/Boot.php(325): CodeIgniter\CodeIgniter->run()
14 SYSTEMPATH/Boot.php(67): CodeIgniter\Boot::runCodeIgniter(Object(CodeIgniter\CodeIgniter))
15 FCPATH/index.php(56): CodeIgniter\Boot::bootWeb(Object(Config\Paths))
CRITICAL - 2025-03-22 22:28:57 --> Error: Call to a member function isAdmin() on null
[Method: GET, Route: admin/loginlog]
in APPPATH/Views/loginlog/index.php on line 1.
 1 SYSTEMPATH/View/View.php(234): include()
 2 SYSTEMPATH/View/View.php(237): CodeIgniter\View\View->CodeIgniter\View\{closure}()
 3 SYSTEMPATH/Common.php(1171): CodeIgniter\View\View->render('loginlog/index', [], true)
 4 APPPATH/Controllers/LoginLog.php(60): view('loginlog/index')
 5 SYSTEMPATH/CodeIgniter.php(933): App\Controllers\LoginLog->index()
 6 SYSTEMPATH/CodeIgniter.php(509): CodeIgniter\CodeIgniter->runController(Object(App\Controllers\LoginLog))
 7 SYSTEMPATH/CodeIgniter.php(355): CodeIgniter\CodeIgniter->handleRequest(null, Object(Config\Cache), false)
 8 SYSTEMPATH/Boot.php(325): CodeIgniter\CodeIgniter->run()
 9 SYSTEMPATH/Boot.php(67): CodeIgniter\Boot::runCodeIgniter(Object(CodeIgniter\CodeIgniter))
10 FCPATH/index.php(56): CodeIgniter\Boot::bootWeb(Object(Config\Paths))
