CRITICAL - 2025-04-01 20:28:32 --> ErrorException: Undefined variable $funda
[Method: GET, Route: admin/modelosFundas/24]
in APPPATH/Views/modelosFundas/view.php on line 7.
 1 APPPATH/Views/modelosFundas/view.php(7): CodeIgniter\Debug\Exceptions->errorHandler(2, 'Undefined variable $funda', '/var/www/html/app/Views/modelosFundas/view.php', 7)
 2 SYSTEMPATH/View/View.php(234): include('/var/www/html/app/Views/modelosFundas/view.php')
 3 SYSTEMPATH/View/View.php(237): CodeIgniter\View\View->CodeIgniter\View\{closure}()
 4 SYSTEMPATH/Common.php(1171): CodeIgniter\View\View->render('modelosFundas/view', [], true)
 5 APPPATH/Controllers/ModelosFundas.php(66): view('modelosFundas/view')
 6 SYSTEMPATH/CodeIgniter.php(933): App\Controllers\ModelosFundas->view('24')
 7 SYSTEMPATH/CodeIgniter.php(509): CodeIgniter\CodeIgniter->runController(Object(App\Controllers\ModelosFundas))
 8 SYSTEMPATH/CodeIgniter.php(355): CodeIgniter\CodeIgniter->handleRequest(null, Object(Config\Cache), false)
 9 SYSTEMPATH/Boot.php(325): CodeIgniter\CodeIgniter->run()
10 SYSTEMPATH/Boot.php(67): CodeIgniter\Boot::runCodeIgniter(Object(CodeIgniter\CodeIgniter))
11 FCPATH/index.php(56): CodeIgniter\Boot::bootWeb(Object(Config\Paths))
CRITICAL - 2025-04-01 20:54:41 --> ErrorException: Undefined variable $proveedores
[Method: GET, Route: admin/modelosFundas/new]
in APPPATH/Views/modelosFundas/create.php on line 97.
 1 APPPATH/Views/modelosFundas/create.php(97): CodeIgniter\Debug\Exceptions->errorHandler(2, 'Undefined variable $proveedores', '/var/www/html/app/Views/modelosFundas/create.php', 97)
 2 SYSTEMPATH/View/View.php(234): include('/var/www/html/app/Views/modelosFundas/create.php')
 3 SYSTEMPATH/View/View.php(237): CodeIgniter\View\View->CodeIgniter\View\{closure}()
 4 SYSTEMPATH/Common.php(1171): CodeIgniter\View\View->render('modelosFundas/create', [], true)
 5 APPPATH/Controllers/ModelosFundas.php(77): view('modelosFundas/create')
 6 SYSTEMPATH/CodeIgniter.php(933): App\Controllers\ModelosFundas->new()
 7 SYSTEMPATH/CodeIgniter.php(509): CodeIgniter\CodeIgniter->runController(Object(App\Controllers\ModelosFundas))
 8 SYSTEMPATH/CodeIgniter.php(355): CodeIgniter\CodeIgniter->handleRequest(null, Object(Config\Cache), false)
 9 SYSTEMPATH/Boot.php(325): CodeIgniter\CodeIgniter->run()
10 SYSTEMPATH/Boot.php(67): CodeIgniter\Boot::runCodeIgniter(Object(CodeIgniter\CodeIgniter))
11 FCPATH/index.php(56): CodeIgniter\Boot::bootWeb(Object(Config\Paths))
CRITICAL - 2025-04-01 20:56:18 --> ErrorException: Undefined variable $proveedores
[Method: GET, Route: admin/modelosFundas/new]
in APPPATH/Views/modelosFundas/create.php on line 97.
 1 APPPATH/Views/modelosFundas/create.php(97): CodeIgniter\Debug\Exceptions->errorHandler(2, 'Undefined variable $proveedores', '/var/www/html/app/Views/modelosFundas/create.php', 97)
 2 SYSTEMPATH/View/View.php(234): include('/var/www/html/app/Views/modelosFundas/create.php')
 3 SYSTEMPATH/View/View.php(237): CodeIgniter\View\View->CodeIgniter\View\{closure}()
 4 SYSTEMPATH/Common.php(1171): CodeIgniter\View\View->render('modelosFundas/create', [], true)
 5 APPPATH/Controllers/ModelosFundas.php(77): view('modelosFundas/create')
 6 SYSTEMPATH/CodeIgniter.php(933): App\Controllers\ModelosFundas->new()
 7 SYSTEMPATH/CodeIgniter.php(509): CodeIgniter\CodeIgniter->runController(Object(App\Controllers\ModelosFundas))
 8 SYSTEMPATH/CodeIgniter.php(355): CodeIgniter\CodeIgniter->handleRequest(null, Object(Config\Cache), false)
 9 SYSTEMPATH/Boot.php(325): CodeIgniter\CodeIgniter->run()
10 SYSTEMPATH/Boot.php(67): CodeIgniter\Boot::runCodeIgniter(Object(CodeIgniter\CodeIgniter))
11 FCPATH/index.php(56): CodeIgniter\Boot::bootWeb(Object(Config\Paths))
CRITICAL - 2025-04-01 22:06:15 --> Error: Call to a member function isValid() on null
[Method: POST, Route: admin/modelosFundas/create]
in APPPATH/Controllers/ModelosFundas.php on line 97.
 1 SYSTEMPATH/CodeIgniter.php(933): App\Controllers\ModelosFundas->create()
 2 SYSTEMPATH/CodeIgniter.php(509): CodeIgniter\CodeIgniter->runController(Object(App\Controllers\ModelosFundas))
 3 SYSTEMPATH/CodeIgniter.php(355): CodeIgniter\CodeIgniter->handleRequest(null, Object(Config\Cache), false)
 4 SYSTEMPATH/Boot.php(325): CodeIgniter\CodeIgniter->run()
 5 SYSTEMPATH/Boot.php(67): CodeIgniter\Boot::runCodeIgniter(Object(CodeIgniter\CodeIgniter))
 6 FCPATH/index.php(56): CodeIgniter\Boot::bootWeb(Object(Config\Paths))
ERROR - 2025-04-01 22:17:05 --> mysqli_sql_exception: Cannot add or update a child row: a foreign key constraint fails (`solar_screen`.`Fundas_Proveedores`, CONSTRAINT `Fundas_Proveedores_ibfk_1` FOREIGN KEY (`FundaID`) REFERENCES `ModelosFundas` (`ID`) ON DELETE CASCADE) in /var/www/html/system/Database/MySQLi/Connection.php:312
Stack trace:
#0 /var/www/html/system/Database/MySQLi/Connection.php(312): mysqli->query('INSERT INTO `Fu...', 0)
#1 /var/www/html/system/Database/BaseConnection.php(734): CodeIgniter\Database\MySQLi\Connection->execute('INSERT INTO `Fu...')
#2 /var/www/html/system/Database/BaseConnection.php(648): CodeIgniter\Database\BaseConnection->simpleQuery('INSERT INTO `Fu...')
#3 /var/www/html/system/Database/BaseBuilder.php(2340): CodeIgniter\Database\BaseConnection->query('INSERT INTO `Fu...', Array, false)
#4 /var/www/html/system/Model.php(394): CodeIgniter\Database\BaseBuilder->insert()
#5 /var/www/html/system/BaseModel.php(840): CodeIgniter\Model->doInsert(Array)
#6 /var/www/html/system/Model.php(802): CodeIgniter\BaseModel->insert(Array, true)
#7 /var/www/html/app/Controllers/ModelosFundas.php(165): CodeIgniter\Model->insert(Array)
#8 /var/www/html/system/CodeIgniter.php(933): App\Controllers\ModelosFundas->create()
#9 /var/www/html/system/CodeIgniter.php(509): CodeIgniter\CodeIgniter->runController(Object(App\Controllers\ModelosFundas))
#10 /var/www/html/system/CodeIgniter.php(355): CodeIgniter\CodeIgniter->handleRequest(NULL, Object(Config\Cache), false)
#11 /var/www/html/system/Boot.php(325): CodeIgniter\CodeIgniter->run()
#12 /var/www/html/system/Boot.php(67): CodeIgniter\Boot::runCodeIgniter(Object(CodeIgniter\CodeIgniter))
#13 /var/www/html/public/index.php(56): CodeIgniter\Boot::bootWeb(Object(Config\Paths))
#14 {main}
CRITICAL - 2025-04-01 22:17:05 --> CodeIgniter\Database\Exceptions\DatabaseException: Cannot add or update a child row: a foreign key constraint fails (`solar_screen`.`Fundas_Proveedores`, CONSTRAINT `Fundas_Proveedores_ibfk_1` FOREIGN KEY (`FundaID`) REFERENCES `ModelosFundas` (`ID`) ON DELETE CASCADE)
[Method: POST, Route: admin/modelosFundas/create]
in SYSTEMPATH/Database/BaseConnection.php on line 688.
 1 SYSTEMPATH/Database/BaseBuilder.php(2340): CodeIgniter\Database\BaseConnection->query('INSERT INTO `Fundas_Proveedores` (`ProveedorID`) VALUES (:ProveedorID:)', [...], false)
 2 SYSTEMPATH/Model.php(394): CodeIgniter\Database\BaseBuilder->insert()
 3 SYSTEMPATH/BaseModel.php(840): CodeIgniter\Model->doInsert([...])
 4 SYSTEMPATH/Model.php(802): CodeIgniter\BaseModel->insert([...], true)
 5 APPPATH/Controllers/ModelosFundas.php(165): CodeIgniter\Model->insert([...])
 6 SYSTEMPATH/CodeIgniter.php(933): App\Controllers\ModelosFundas->create()
 7 SYSTEMPATH/CodeIgniter.php(509): CodeIgniter\CodeIgniter->runController(Object(App\Controllers\ModelosFundas))
 8 SYSTEMPATH/CodeIgniter.php(355): CodeIgniter\CodeIgniter->handleRequest(null, Object(Config\Cache), false)
 9 SYSTEMPATH/Boot.php(325): CodeIgniter\CodeIgniter->run()
10 SYSTEMPATH/Boot.php(67): CodeIgniter\Boot::runCodeIgniter(Object(CodeIgniter\CodeIgniter))
11 FCPATH/index.php(56): CodeIgniter\Boot::bootWeb(Object(Config\Paths))
CRITICAL - 2025-04-01 22:17:05 --> [Caused by] CodeIgniter\Database\Exceptions\DatabaseException: Cannot add or update a child row: a foreign key constraint fails (`solar_screen`.`Fundas_Proveedores`, CONSTRAINT `Fundas_Proveedores_ibfk_1` FOREIGN KEY (`FundaID`) REFERENCES `ModelosFundas` (`ID`) ON DELETE CASCADE)
in SYSTEMPATH/Database/MySQLi/Connection.php on line 317.
 1 SYSTEMPATH/Database/BaseConnection.php(734): CodeIgniter\Database\MySQLi\Connection->execute('INSERT INTO `Fundas_Proveedores` (`ProveedorID`) VALUES (\'1\')')
 2 SYSTEMPATH/Database/BaseConnection.php(648): CodeIgniter\Database\BaseConnection->simpleQuery('INSERT INTO `Fundas_Proveedores` (`ProveedorID`) VALUES (\'1\')')
 3 SYSTEMPATH/Database/BaseBuilder.php(2340): CodeIgniter\Database\BaseConnection->query('INSERT INTO `Fundas_Proveedores` (`ProveedorID`) VALUES (:ProveedorID:)', [...], false)
 4 SYSTEMPATH/Model.php(394): CodeIgniter\Database\BaseBuilder->insert()
 5 SYSTEMPATH/BaseModel.php(840): CodeIgniter\Model->doInsert([...])
 6 SYSTEMPATH/Model.php(802): CodeIgniter\BaseModel->insert([...], true)
 7 APPPATH/Controllers/ModelosFundas.php(165): CodeIgniter\Model->insert([...])
 8 SYSTEMPATH/CodeIgniter.php(933): App\Controllers\ModelosFundas->create()
 9 SYSTEMPATH/CodeIgniter.php(509): CodeIgniter\CodeIgniter->runController(Object(App\Controllers\ModelosFundas))
10 SYSTEMPATH/CodeIgniter.php(355): CodeIgniter\CodeIgniter->handleRequest(null, Object(Config\Cache), false)
11 SYSTEMPATH/Boot.php(325): CodeIgniter\CodeIgniter->run()
12 SYSTEMPATH/Boot.php(67): CodeIgniter\Boot::runCodeIgniter(Object(CodeIgniter\CodeIgniter))
13 FCPATH/index.php(56): CodeIgniter\Boot::bootWeb(Object(Config\Paths))
CRITICAL - 2025-04-01 22:17:05 --> [Caused by] mysqli_sql_exception: Cannot add or update a child row: a foreign key constraint fails (`solar_screen`.`Fundas_Proveedores`, CONSTRAINT `Fundas_Proveedores_ibfk_1` FOREIGN KEY (`FundaID`) REFERENCES `ModelosFundas` (`ID`) ON DELETE CASCADE)
in SYSTEMPATH/Database/MySQLi/Connection.php on line 312.
 1 SYSTEMPATH/Database/MySQLi/Connection.php(312): mysqli->query('INSERT INTO `Fundas_Proveedores` (`ProveedorID`) VALUES (\'1\')', 0)
 2 SYSTEMPATH/Database/BaseConnection.php(734): CodeIgniter\Database\MySQLi\Connection->execute('INSERT INTO `Fundas_Proveedores` (`ProveedorID`) VALUES (\'1\')')
 3 SYSTEMPATH/Database/BaseConnection.php(648): CodeIgniter\Database\BaseConnection->simpleQuery('INSERT INTO `Fundas_Proveedores` (`ProveedorID`) VALUES (\'1\')')
 4 SYSTEMPATH/Database/BaseBuilder.php(2340): CodeIgniter\Database\BaseConnection->query('INSERT INTO `Fundas_Proveedores` (`ProveedorID`) VALUES (:ProveedorID:)', [...], false)
 5 SYSTEMPATH/Model.php(394): CodeIgniter\Database\BaseBuilder->insert()
 6 SYSTEMPATH/BaseModel.php(840): CodeIgniter\Model->doInsert([...])
 7 SYSTEMPATH/Model.php(802): CodeIgniter\BaseModel->insert([...], true)
 8 APPPATH/Controllers/ModelosFundas.php(165): CodeIgniter\Model->insert([...])
 9 SYSTEMPATH/CodeIgniter.php(933): App\Controllers\ModelosFundas->create()
10 SYSTEMPATH/CodeIgniter.php(509): CodeIgniter\CodeIgniter->runController(Object(App\Controllers\ModelosFundas))
11 SYSTEMPATH/CodeIgniter.php(355): CodeIgniter\CodeIgniter->handleRequest(null, Object(Config\Cache), false)
12 SYSTEMPATH/Boot.php(325): CodeIgniter\CodeIgniter->run()
13 SYSTEMPATH/Boot.php(67): CodeIgniter\Boot::runCodeIgniter(Object(CodeIgniter\CodeIgniter))
14 FCPATH/index.php(56): CodeIgniter\Boot::bootWeb(Object(Config\Paths))
